#
# A fatal error has been detected by the Java Runtime Environment:
#
#  SIGSEGV (0xb) at pc=0x00007f9b3a702a5a, pid=2875, tid=0x00007f9b6a4f4700
#
# JRE version: Java(TM) SE Runtime Environment (8.0_171-b11) (build 1.8.0_171-b11)
# Java VM: Java HotSpot(TM) 64-Bit Server VM (25.171-b11 mixed mode linux-amd64 compressed oops)
# Problematic frame:
# C  [xuggle5991542845502138114.tmp+0x1aea5a]  com::xuggle::xuggler::StreamCoder::decodeAudio(com::xuggle::xuggler::IAudioSamples*, com::xuggle::xuggler::IPacket*, int)+0xc4
#
# Failed to write core dump. Core dumps have been disabled. To enable core dumping, try "ulimit -c unlimited" before starting Java again
#
# If you would like to submit a bug report, please visit:
#   http://bugreport.java.com/bugreport/crash.jsp
# The crash happened outside the Java Virtual Machine in native code.
# See problematic frame for where to report the bug.
#

---------------  T H R E A D  ---------------

Current thread (0x00007f9b6c791800):  JavaThread "http-nio-8080-exec-7" daemon [_thread_in_native, id=2915, stack(0x00007f9b6a3f4000,0x00007f9b6a4f5000)]

siginfo: si_signo: 11 (SIGSEGV), si_code: 1 (SEGV_MAPERR), si_addr: 0x00000000000001e8

Registers:
RAX=0x0000000000000000, RBX=0x00007f9b3b972090, RCX=0x00007f9b6a4f0740, RDX=0x0000000000000006
RSP=0x00007f9b6a4f0790, RBP=0x00007f9b6a4f0ab0, RSI=0x0000000000000000, RDI=0x00007f9b3b972bb0
R8 =0x00007f9b3c00ae90, R9 =0x00007f9b3b972090, R10=0x00007f9b3a735527, R11=0x0000000089904290
R12=0x00007f9b3a6e62e4, R13=0x00007f9bc33a0000, R14=0x00007f9b6a4f0bb8, R15=0x00007f9b6c791800
RIP=0x00007f9b3a702a5a, EFLAGS=0x0000000000010202, CSGSFS=0x002b000000000033, ERR=0x0000000000000004
  TRAPNO=0x000000000000000e

Top of Stack: (sp=0x00007f9b6a4f0790)
0x00007f9b6a4f0790:   00007f9b697513a8 00007f9b697513a8
0x00007f9b6a4f07a0:   00000000697512a8 00007f9b3c00ae90
0x00007f9b6a4f07b0:   00007f9b3deb4110 00007f9b3c01be70
0x00007f9b6a4f07c0:   0000000000000000 0000000000000000
0x00007f9b6a4f07d0:   00007f9b6a4f08c0 00007f9bd8b726df
0x00007f9b6a4f07e0:   00007f9b6c791800 00007f9bd8b882b6
0x00007f9b6a4f07f0:   00007f9b6a4f08f0 00007f9b3c01c638
0x00007f9b6a4f0800:   00007f9bd93ff430 00007f9bd9eec340
0x00007f9b6a4f0810:   00000000d93ff430 00007f9b00000004
0x00007f9b6a4f0820:   00007f9b6a4f06b0 0000003000000018
0x00007f9b6a4f0830:   00007f9b6a4f09e0 00007f9b6a4f0910
0x00007f9b6a4f0840:   00007f9b6c791800 0000000000000000
0x00007f9b6a4f0850:   00007f9b6c791800 0000000000000000
0x00007f9b6a4f0860:   0000000000000004 00007f9b00000000
0x00007f9b6a4f0870:   00007f9b6c791800 00007f9b3c01c638
0x00007f9b6a4f0880:   00007f9b6c791800 00007f9b6a4f0838
0x00007f9b6a4f0890:   00007f9b6a4f0879 00007f9b3c01c638
0x00007f9b6a4f08a0:   0000000000000000 00007f9bc33a0000
0x00007f9b6a4f08b0:   00007f9b6a4f0bc0 00007f9b6c791800
0x00007f9b6a4f08c0:   00007f9b6a4f09d0 00007f9b3a75a169
0x00007f9b6a4f08d0:   00007f9bbeaa1578 00007f9bd44609a0
0x00007f9b6a4f08e0:   00007f9b3c01c638 00007f9b6c7919f8
0x00007f9b6a4f08f0:   0000003000000018 00007f9b6a4f09e0
0x00007f9b6a4f0900:   00007f9b6a4f0910 00007f9b3c01c638
0x00007f9b6a4f0910:   00007f9b6c791800 00007f9b6c791800
0x00007f9b6a4f0920:   00007f9b6a4f0950 00007f9b3c01c638
0x00007f9b6a4f0930:   000000000000000b 000000000000000a
0x00007f9b6a4f0940:   00007f9b6a4f09b0 00007f9bd8b78293
0x00007f9b6a4f0950:   00007f9b6c791800 00007f9b6c791800
0x00007f9b6a4f0960:   0000000000000000 00007f9bd9463fe0
0x00007f9b6a4f0970:   00007f9bd945f220 00007f9b6c791800
0x00007f9b6a4f0980:   00007f9b6a4f09b0 00007f9bd8b7d6c7 

Instructions: (pc=0x00007f9b3a702a5a)
0x00007f9b3a702a3a:   84 8f 00 00 00 48 8b 45 a8 48 8b 00 48 05 d8 00
0x00007f9b3a702a4a:   00 00 4c 8b 20 48 8b 85 08 fd ff ff 48 8b 40 20
0x00007f9b3a702a5a:   44 8b a8 e8 01 00 00 48 8b 85 08 fd ff ff 48 8b
0x00007f9b3a702a6a:   00 48 05 10 01 00 00 48 8b 10 48 8b 85 08 fd ff 

Register to memory mapping:

RAX=0x0000000000000000 is an unknown value
RBX=0x00007f9b3b972090: _ZTIN3com6xuggle7xuggler7IPacketE+0 in /tmp/xuggle/xuggle5991542845502138114.tmp at 0x00007f9b3a554000
RCX=0x00007f9b6a4f0740 is pointing into the stack for thread: 0x00007f9b6c791800
RDX=0x0000000000000006 is an unknown value
RSP=0x00007f9b6a4f0790 is pointing into the stack for thread: 0x00007f9b6c791800
RBP=0x00007f9b6a4f0ab0 is pointing into the stack for thread: 0x00007f9b6c791800
RSI=0x0000000000000000 is an unknown value
RDI=0x00007f9b3b972bb0: _ZTIN3com6xuggle7xuggler6PacketE+0 in /tmp/xuggle/xuggle5991542845502138114.tmp at 0x00007f9b3a554000
R8 =0x00007f9b3c00ae90 is an unknown value
R9 =0x00007f9b3b972090: _ZTIN3com6xuggle7xuggler7IPacketE+0 in /tmp/xuggle/xuggle5991542845502138114.tmp at 0x00007f9b3a554000
R10=0x00007f9b3a735527: Java_com_xuggle_xuggler_XugglerJNI_IStreamCoder_1decodeAudio+0 in /tmp/xuggle/xuggle5991542845502138114.tmp at 0x00007f9b3a554000
R11=0x0000000089904290 is an oop
com.xuggle.xuggler.IPacket 
 - klass: 'com/xuggle/xuggler/IPacket'
R12=0x00007f9b3a6e62e4: _ZN3com6xuggle7xuggler12AudioSamples11setCompleteEbjiiNS1_13IAudioSamples6FormatEl+0 in /tmp/xuggle/xuggle5991542845502138114.tmp at 0x00007f9b3a554000
R13=0x00007f9bc33a0000 is an unknown value
R14=0x00007f9b6a4f0bb8 is pointing into the stack for thread: 0x00007f9b6c791800
R15=0x00007f9b6c791800 is a thread


Stack: [0x00007f9b6a3f4000,0x00007f9b6a4f5000],  sp=0x00007f9b6a4f0790,  free space=1009k
Native frames: (J=compiled Java code, j=interpreted, Vv=VM code, C=native code)
C  [xuggle5991542845502138114.tmp+0x1aea5a]  com::xuggle::xuggler::StreamCoder::decodeAudio(com::xuggle::xuggler::IAudioSamples*, com::xuggle::xuggler::IPacket*, int)+0xc4
C  [xuggle5991542845502138114.tmp+0x1e15f6]  Java_com_xuggle_xuggler_XugglerJNI_IStreamCoder_1decodeAudio+0xcf
J 4435  com.xuggle.xuggler.XugglerJNI.IStreamCoder_decodeAudio(JLcom/xuggle/xuggler/IStreamCoder;JLcom/xuggle/xuggler/IAudioSamples;JLcom/xuggle/xuggler/IPacket;I)I (0 bytes) @ 0x00007f9bc4375e94 [0x00007f9bc4375d80+0x114]
J 4470 C1 com.shattered.baxt.Concatenate$MediaConcatenator.onAudioSamples(Lcom/xuggle/mediatool/event/IAudioSamplesEvent;)V (302 bytes) @ 0x00007f9bc48f7b8c [0x00007f9bc48f7640+0x54c]
J 4337 C1 com.xuggle.mediatool.AMediaToolMixin.onAudioSamples(Lcom/xuggle/mediatool/event/IAudioSamplesEvent;)V (40 bytes) @ 0x00007f9bc48d341c [0x00007f9bc48d3340+0xdc]
J 4473 C1 com.shattered.baxt.video.MediaReader.decodeAudio(Lcom/xuggle/xuggler/IStreamCoder;Lcom/xuggle/xuggler/IPacket;)V (146 bytes) @ 0x00007f9bc423ac9c [0x00007f9bc423a860+0x43c]
J 4459 C1 com.shattered.baxt.video.MediaReader.readPacket()Lcom/xuggle/xuggler/IError; (172 bytes) @ 0x00007f9bc435bf54 [0x00007f9bc435b920+0x634]
j  com.shattered.baxt.Concatenate.concatenate(Ljava/util/ArrayList;Ljava/lang/String;Ljava/lang/String;)V+614
j  com.shattered.baxt.FileStitcher.concatenateMulti(Ljava/util/ArrayList;)V+17
j  com.shattered.baxt.FileStitcher.stitchVideos(Ljava/util/ArrayList;)V+2
j  com.shattered.baxt.Baxter.renderVids()V+11
j  com.shattered.baxt.ViewController.baxtVideo(Lorg/springframework/ui/Model;)Ljava/lang/String;+32
v  ~StubRoutines::call_stub
V  [libjvm.so+0x695b96]  JavaCalls::call_helper(JavaValue*, methodHandle*, JavaCallArguments*, Thread*)+0x1056
V  [libjvm.so+0x9a4677]  Reflection::invoke(instanceKlassHandle, methodHandle, Handle, bool, objArrayHandle, BasicType, objArrayHandle, bool, Thread*)+0x5d7
V  [libjvm.so+0x9a7d87]  Reflection::invoke_method(oopDesc*, Handle, objArrayHandle, Thread*)+0x147
V  [libjvm.so+0x727d4b]  JVM_InvokeMethod+0x26b
J 1812  sun.reflect.NativeMethodAccessorImpl.invoke0(Ljava/lang/reflect/Method;Ljava/lang/Object;[Ljava/lang/Object;)Ljava/lang/Object; (0 bytes) @ 0x00007f9bc435b06d [0x00007f9bc435af80+0xed]
J 1811 C1 sun.reflect.NativeMethodAccessorImpl.invoke(Ljava/lang/Object;[Ljava/lang/Object;)Ljava/lang/Object; (104 bytes) @ 0x00007f9bc435e014 [0x00007f9bc435dca0+0x374]
J 917 C1 sun.reflect.DelegatingMethodAccessorImpl.invoke(Ljava/lang/Object;[Ljava/lang/Object;)Ljava/lang/Object; (10 bytes) @ 0x00007f9bc41cbf84 [0x00007f9bc41cbf40+0x44]
J 916 C1 java.lang.reflect.Method.invoke(Ljava/lang/Object;[Ljava/lang/Object;)Ljava/lang/Object; (62 bytes) @ 0x00007f9bc41cb8d4 [0x00007f9bc41cb7e0+0xf4]
j  org.springframework.web.method.support.InvocableHandlerMethod.doInvoke([Ljava/lang/Object;)Ljava/lang/Object;+16
j  org.springframework.web.method.support.InvocableHandlerMethod.invokeForRequest(Lorg/springframework/web/context/request/NativeWebRequest;Lorg/springframework/web/method/support/ModelAndViewContainer;[Ljava/lang/Object;)Ljava/lang/Object;+75
j  org.springframework.web.servlet.mvc.method.annotation.ServletInvocableHandlerMethod.invokeAndHandle(Lorg/springframework/web/context/request/ServletWebRequest;Lorg/springframework/web/method/support/ModelAndViewContainer;[Ljava/lang/Object;)V+4
j  org.springframework.web.servlet.mvc.method.annotation.RequestMappingHandlerAdapter.invokeHandlerMethod(Ljavax/servlet/http/HttpServletRequest;Ljavax/servlet/http/HttpServletResponse;Lorg/springframework/web/method/HandlerMethod;)Lorg/springframework/web/servlet/ModelAndView;+276
j  org.springframework.web.servlet.mvc.method.annotation.RequestMappingHandlerAdapter.handleInternal(Ljavax/servlet/http/HttpServletRequest;Ljavax/servlet/http/HttpServletResponse;Lorg/springframework/web/method/HandlerMethod;)Lorg/springframework/web/servlet/ModelAndView;+81
j  org.springframework.web.servlet.mvc.method.AbstractHandlerMethodAdapter.handle(Ljavax/servlet/http/HttpServletRequest;Ljavax/servlet/http/HttpServletResponse;Ljava/lang/Object;)Lorg/springframework/web/servlet/ModelAndView;+7
j  org.springframework.web.servlet.DispatcherServlet.doDispatch(Ljavax/servlet/http/HttpServletRequest;Ljavax/servlet/http/HttpServletResponse;)V+310
j  org.springframework.web.servlet.DispatcherServlet.doService(Ljavax/servlet/http/HttpServletRequest;Ljavax/servlet/http/HttpServletResponse;)V+308
j  org.springframework.web.servlet.FrameworkServlet.processRequest(Ljavax/servlet/http/HttpServletRequest;Ljavax/servlet/http/HttpServletResponse;)V+71
j  org.springframework.web.servlet.FrameworkServlet.doPost(Ljavax/servlet/http/HttpServletRequest;Ljavax/servlet/http/HttpServletResponse;)V+3
j  javax.servlet.http.HttpServlet.service(Ljavax/servlet/http/HttpServletRequest;Ljavax/servlet/http/HttpServletResponse;)V+149
j  org.springframework.web.servlet.FrameworkServlet.service(Ljavax/servlet/http/HttpServletRequest;Ljavax/servlet/http/HttpServletResponse;)V+33
j  javax.servlet.http.HttpServlet.service(Ljavax/servlet/ServletRequest;Ljavax/servlet/ServletResponse;)V+30
j  org.apache.catalina.core.ApplicationFilterChain.internalDoFilter(Ljavax/servlet/ServletRequest;Ljavax/servlet/ServletResponse;)V+304
j  org.apache.catalina.core.ApplicationFilterChain.doFilter(Ljavax/servlet/ServletRequest;Ljavax/servlet/ServletResponse;)V+101
j  org.apache.tomcat.websocket.server.WsFilter.doFilter(Ljavax/servlet/ServletRequest;Ljavax/servlet/ServletResponse;Ljavax/servlet/FilterChain;)V+21
j  org.apache.catalina.core.ApplicationFilterChain.internalDoFilter(Ljavax/servlet/ServletRequest;Ljavax/servlet/ServletResponse;)V+135
j  org.apache.catalina.core.ApplicationFilterChain.doFilter(Ljavax/servlet/ServletRequest;Ljavax/servlet/ServletResponse;)V+101
j  org.springframework.web.filter.RequestContextFilter.doFilterInternal(Ljavax/servlet/http/HttpServletRequest;Ljavax/servlet/http/HttpServletResponse;Ljavax/servlet/FilterChain;)V+21
j  org.springframework.web.filter.OncePerRequestFilter.doFilter(Ljavax/servlet/ServletRequest;Ljavax/servlet/ServletResponse;Ljavax/servlet/FilterChain;)V+111
j  org.apache.catalina.core.ApplicationFilterChain.internalDoFilter(Ljavax/servlet/ServletRequest;Ljavax/servlet/ServletResponse;)V+135
j  org.apache.catalina.core.ApplicationFilterChain.doFilter(Ljavax/servlet/ServletRequest;Ljavax/servlet/ServletResponse;)V+101
j  org.springframework.web.filter.HttpPutFormContentFilter.doFilterInternal(Ljavax/servlet/http/HttpServletRequest;Ljavax/servlet/http/HttpServletResponse;Ljavax/servlet/FilterChain;)V+95
j  org.springframework.web.filter.OncePerRequestFilter.doFilter(Ljavax/servlet/ServletRequest;Ljavax/servlet/ServletResponse;Ljavax/servlet/FilterChain;)V+111
j  org.apache.catalina.core.ApplicationFilterChain.internalDoFilter(Ljavax/servlet/ServletRequest;Ljavax/servlet/ServletResponse;)V+135
j  org.apache.catalina.core.ApplicationFilterChain.doFilter(Ljavax/servlet/ServletRequest;Ljavax/servlet/ServletResponse;)V+101
j  org.springframework.web.filter.HiddenHttpMethodFilter.doFilterInternal(Ljavax/servlet/http/HttpServletRequest;Ljavax/servlet/http/HttpServletResponse;Ljavax/servlet/FilterChain;)V+87
j  org.springframework.web.filter.OncePerRequestFilter.doFilter(Ljavax/servlet/ServletRequest;Ljavax/servlet/ServletResponse;Ljavax/servlet/FilterChain;)V+111
j  org.apache.catalina.core.ApplicationFilterChain.internalDoFilter(Ljavax/servlet/ServletRequest;Ljavax/servlet/ServletResponse;)V+135
j  org.apache.catalina.core.ApplicationFilterChain.doFilter(Ljavax/servlet/ServletRequest;Ljavax/servlet/ServletResponse;)V+101
j  org.springframework.web.filter.CharacterEncodingFilter.doFilterInternal(Ljavax/servlet/http/HttpServletRequest;Ljavax/servlet/http/HttpServletResponse;Ljavax/servlet/FilterChain;)V+53
j  org.springframework.web.filter.OncePerRequestFilter.doFilter(Ljavax/servlet/ServletRequest;Ljavax/servlet/ServletResponse;Ljavax/servlet/FilterChain;)V+111
j  org.apache.catalina.core.ApplicationFilterChain.internalDoFilter(Ljavax/servlet/ServletRequest;Ljavax/servlet/ServletResponse;)V+135
j  org.apache.catalina.core.ApplicationFilterChain.doFilter(Ljavax/servlet/ServletRequest;Ljavax/servlet/ServletResponse;)V+101
j  org.apache.catalina.core.StandardWrapperValve.invoke(Lorg/apache/catalina/connector/Request;Lorg/apache/catalina/connector/Response;)V+688
j  org.apache.catalina.core.StandardContextValve.invoke(Lorg/apache/catalina/connector/Request;Lorg/apache/catalina/connector/Response;)V+166
j  org.apache.catalina.authenticator.AuthenticatorBase.invoke(Lorg/apache/catalina/connector/Request;Lorg/apache/catalina/connector/Response;)V+254
j  org.apache.catalina.core.StandardHostValve.invoke(Lorg/apache/catalina/connector/Request;Lorg/apache/catalina/connector/Response;)V+138
j  org.apache.catalina.valves.ErrorReportValve.invoke(Lorg/apache/catalina/connector/Request;Lorg/apache/catalina/connector/Response;)V+6
j  org.apache.catalina.core.StandardEngineValve.invoke(Lorg/apache/catalina/connector/Request;Lorg/apache/catalina/connector/Response;)V+71
j  org.apache.catalina.connector.CoyoteAdapter.service(Lorg/apache/coyote/Request;Lorg/apache/coyote/Response;)V+199
j  org.apache.coyote.http11.Http11Processor.service(Lorg/apache/tomcat/util/net/SocketWrapperBase;)Lorg/apache/tomcat/util/net/AbstractEndpoint$Handler$SocketState;+806
j  org.apache.coyote.AbstractProcessorLight.process(Lorg/apache/tomcat/util/net/SocketWrapperBase;Lorg/apache/tomcat/util/net/SocketEvent;)Lorg/apache/tomcat/util/net/AbstractEndpoint$Handler$SocketState;+113
j  org.apache.coyote.AbstractProtocol$ConnectionHandler.process(Lorg/apache/tomcat/util/net/SocketWrapperBase;Lorg/apache/tomcat/util/net/SocketEvent;)Lorg/apache/tomcat/util/net/AbstractEndpoint$Handler$SocketState;+378
j  org.apache.tomcat.util.net.NioEndpoint$SocketProcessor.doRun()V+191
j  org.apache.tomcat.util.net.SocketProcessorBase.run()V+21
j  java.util.concurrent.ThreadPoolExecutor.runWorker(Ljava/util/concurrent/ThreadPoolExecutor$Worker;)V+95
j  java.util.concurrent.ThreadPoolExecutor$Worker.run()V+5
j  org.apache.tomcat.util.threads.TaskThread$WrappingRunnable.run()V+4
j  java.lang.Thread.run()V+11
v  ~StubRoutines::call_stub
V  [libjvm.so+0x695b96]  JavaCalls::call_helper(JavaValue*, methodHandle*, JavaCallArguments*, Thread*)+0x1056
V  [libjvm.so+0x6960a1]  JavaCalls::call_virtual(JavaValue*, KlassHandle, Symbol*, Symbol*, JavaCallArguments*, Thread*)+0x321
V  [libjvm.so+0x696537]  JavaCalls::call_virtual(JavaValue*, Handle, KlassHandle, Symbol*, Symbol*, Thread*)+0x47
V  [libjvm.so+0x71596e]  thread_entry(JavaThread*, Thread*)+0x7e
V  [libjvm.so+0xa7f243]  JavaThread::thread_main_inner()+0x103
V  [libjvm.so+0xa7f38c]  JavaThread::run()+0x11c
V  [libjvm.so+0x92e0f8]  java_start(Thread*)+0x108
C  [libpthread.so.0+0x76ba]  start_thread+0xca

Java frames: (J=compiled Java code, j=interpreted, Vv=VM code)
J 4435  com.xuggle.xuggler.XugglerJNI.IStreamCoder_decodeAudio(JLcom/xuggle/xuggler/IStreamCoder;JLcom/xuggle/xuggler/IAudioSamples;JLcom/xuggle/xuggler/IPacket;I)I (0 bytes) @ 0x00007f9bc4375e12 [0x00007f9bc4375d80+0x92]
J 4470 C1 com.shattered.baxt.Concatenate$MediaConcatenator.onAudioSamples(Lcom/xuggle/mediatool/event/IAudioSamplesEvent;)V (302 bytes) @ 0x00007f9bc48f7b8c [0x00007f9bc48f7640+0x54c]
J 4337 C1 com.xuggle.mediatool.AMediaToolMixin.onAudioSamples(Lcom/xuggle/mediatool/event/IAudioSamplesEvent;)V (40 bytes) @ 0x00007f9bc48d341c [0x00007f9bc48d3340+0xdc]
J 4473 C1 com.shattered.baxt.video.MediaReader.decodeAudio(Lcom/xuggle/xuggler/IStreamCoder;Lcom/xuggle/xuggler/IPacket;)V (146 bytes) @ 0x00007f9bc423ac9c [0x00007f9bc423a860+0x43c]
J 4459 C1 com.shattered.baxt.video.MediaReader.readPacket()Lcom/xuggle/xuggler/IError; (172 bytes) @ 0x00007f9bc435bf54 [0x00007f9bc435b920+0x634]
j  com.shattered.baxt.Concatenate.concatenate(Ljava/util/ArrayList;Ljava/lang/String;Ljava/lang/String;)V+614
j  com.shattered.baxt.FileStitcher.concatenateMulti(Ljava/util/ArrayList;)V+17
j  com.shattered.baxt.FileStitcher.stitchVideos(Ljava/util/ArrayList;)V+2
j  com.shattered.baxt.Baxter.renderVids()V+11
j  com.shattered.baxt.ViewController.baxtVideo(Lorg/springframework/ui/Model;)Ljava/lang/String;+32
v  ~StubRoutines::call_stub
J 1812  sun.reflect.NativeMethodAccessorImpl.invoke0(Ljava/lang/reflect/Method;Ljava/lang/Object;[Ljava/lang/Object;)Ljava/lang/Object; (0 bytes) @ 0x00007f9bc435aff7 [0x00007f9bc435af80+0x77]
J 1811 C1 sun.reflect.NativeMethodAccessorImpl.invoke(Ljava/lang/Object;[Ljava/lang/Object;)Ljava/lang/Object; (104 bytes) @ 0x00007f9bc435e014 [0x00007f9bc435dca0+0x374]
J 917 C1 sun.reflect.DelegatingMethodAccessorImpl.invoke(Ljava/lang/Object;[Ljava/lang/Object;)Ljava/lang/Object; (10 bytes) @ 0x00007f9bc41cbf84 [0x00007f9bc41cbf40+0x44]
J 916 C1 java.lang.reflect.Method.invoke(Ljava/lang/Object;[Ljava/lang/Object;)Ljava/lang/Object; (62 bytes) @ 0x00007f9bc41cb8d4 [0x00007f9bc41cb7e0+0xf4]
j  org.springframework.web.method.support.InvocableHandlerMethod.doInvoke([Ljava/lang/Object;)Ljava/lang/Object;+16
j  org.springframework.web.method.support.InvocableHandlerMethod.invokeForRequest(Lorg/springframework/web/context/request/NativeWebRequest;Lorg/springframework/web/method/support/ModelAndViewContainer;[Ljava/lang/Object;)Ljava/lang/Object;+75
j  org.springframework.web.servlet.mvc.method.annotation.ServletInvocableHandlerMethod.invokeAndHandle(Lorg/springframework/web/context/request/ServletWebRequest;Lorg/springframework/web/method/support/ModelAndViewContainer;[Ljava/lang/Object;)V+4
j  org.springframework.web.servlet.mvc.method.annotation.RequestMappingHandlerAdapter.invokeHandlerMethod(Ljavax/servlet/http/HttpServletRequest;Ljavax/servlet/http/HttpServletResponse;Lorg/springframework/web/method/HandlerMethod;)Lorg/springframework/web/servlet/ModelAndView;+276
j  org.springframework.web.servlet.mvc.method.annotation.RequestMappingHandlerAdapter.handleInternal(Ljavax/servlet/http/HttpServletRequest;Ljavax/servlet/http/HttpServletResponse;Lorg/springframework/web/method/HandlerMethod;)Lorg/springframework/web/servlet/ModelAndView;+81
j  org.springframework.web.servlet.mvc.method.AbstractHandlerMethodAdapter.handle(Ljavax/servlet/http/HttpServletRequest;Ljavax/servlet/http/HttpServletResponse;Ljava/lang/Object;)Lorg/springframework/web/servlet/ModelAndView;+7
j  org.springframework.web.servlet.DispatcherServlet.doDispatch(Ljavax/servlet/http/HttpServletRequest;Ljavax/servlet/http/HttpServletResponse;)V+310
j  org.springframework.web.servlet.DispatcherServlet.doService(Ljavax/servlet/http/HttpServletRequest;Ljavax/servlet/http/HttpServletResponse;)V+308
j  org.springframework.web.servlet.FrameworkServlet.processRequest(Ljavax/servlet/http/HttpServletRequest;Ljavax/servlet/http/HttpServletResponse;)V+71
j  org.springframework.web.servlet.FrameworkServlet.doPost(Ljavax/servlet/http/HttpServletRequest;Ljavax/servlet/http/HttpServletResponse;)V+3
j  javax.servlet.http.HttpServlet.service(Ljavax/servlet/http/HttpServletRequest;Ljavax/servlet/http/HttpServletResponse;)V+149
j  org.springframework.web.servlet.FrameworkServlet.service(Ljavax/servlet/http/HttpServletRequest;Ljavax/servlet/http/HttpServletResponse;)V+33
j  javax.servlet.http.HttpServlet.service(Ljavax/servlet/ServletRequest;Ljavax/servlet/ServletResponse;)V+30
j  org.apache.catalina.core.ApplicationFilterChain.internalDoFilter(Ljavax/servlet/ServletRequest;Ljavax/servlet/ServletResponse;)V+304
j  org.apache.catalina.core.ApplicationFilterChain.doFilter(Ljavax/servlet/ServletRequest;Ljavax/servlet/ServletResponse;)V+101
j  org.apache.tomcat.websocket.server.WsFilter.doFilter(Ljavax/servlet/ServletRequest;Ljavax/servlet/ServletResponse;Ljavax/servlet/FilterChain;)V+21
j  org.apache.catalina.core.ApplicationFilterChain.internalDoFilter(Ljavax/servlet/ServletRequest;Ljavax/servlet/ServletResponse;)V+135
j  org.apache.catalina.core.ApplicationFilterChain.doFilter(Ljavax/servlet/ServletRequest;Ljavax/servlet/ServletResponse;)V+101
j  org.springframework.web.filter.RequestContextFilter.doFilterInternal(Ljavax/servlet/http/HttpServletRequest;Ljavax/servlet/http/HttpServletResponse;Ljavax/servlet/FilterChain;)V+21
j  org.springframework.web.filter.OncePerRequestFilter.doFilter(Ljavax/servlet/ServletRequest;Ljavax/servlet/ServletResponse;Ljavax/servlet/FilterChain;)V+111
j  org.apache.catalina.core.ApplicationFilterChain.internalDoFilter(Ljavax/servlet/ServletRequest;Ljavax/servlet/ServletResponse;)V+135
j  org.apache.catalina.core.ApplicationFilterChain.doFilter(Ljavax/servlet/ServletRequest;Ljavax/servlet/ServletResponse;)V+101
j  org.springframework.web.filter.HttpPutFormContentFilter.doFilterInternal(Ljavax/servlet/http/HttpServletRequest;Ljavax/servlet/http/HttpServletResponse;Ljavax/servlet/FilterChain;)V+95
j  org.springframework.web.filter.OncePerRequestFilter.doFilter(Ljavax/servlet/ServletRequest;Ljavax/servlet/ServletResponse;Ljavax/servlet/FilterChain;)V+111
j  org.apache.catalina.core.ApplicationFilterChain.internalDoFilter(Ljavax/servlet/ServletRequest;Ljavax/servlet/ServletResponse;)V+135
j  org.apache.catalina.core.ApplicationFilterChain.doFilter(Ljavax/servlet/ServletRequest;Ljavax/servlet/ServletResponse;)V+101
j  org.springframework.web.filter.HiddenHttpMethodFilter.doFilterInternal(Ljavax/servlet/http/HttpServletRequest;Ljavax/servlet/http/HttpServletResponse;Ljavax/servlet/FilterChain;)V+87
j  org.springframework.web.filter.OncePerRequestFilter.doFilter(Ljavax/servlet/ServletRequest;Ljavax/servlet/ServletResponse;Ljavax/servlet/FilterChain;)V+111
j  org.apache.catalina.core.ApplicationFilterChain.internalDoFilter(Ljavax/servlet/ServletRequest;Ljavax/servlet/ServletResponse;)V+135
j  org.apache.catalina.core.ApplicationFilterChain.doFilter(Ljavax/servlet/ServletRequest;Ljavax/servlet/ServletResponse;)V+101
j  org.springframework.web.filter.CharacterEncodingFilter.doFilterInternal(Ljavax/servlet/http/HttpServletRequest;Ljavax/servlet/http/HttpServletResponse;Ljavax/servlet/FilterChain;)V+53
j  org.springframework.web.filter.OncePerRequestFilter.doFilter(Ljavax/servlet/ServletRequest;Ljavax/servlet/ServletResponse;Ljavax/servlet/FilterChain;)V+111
j  org.apache.catalina.core.ApplicationFilterChain.internalDoFilter(Ljavax/servlet/ServletRequest;Ljavax/servlet/ServletResponse;)V+135
j  org.apache.catalina.core.ApplicationFilterChain.doFilter(Ljavax/servlet/ServletRequest;Ljavax/servlet/ServletResponse;)V+101
j  org.apache.catalina.core.StandardWrapperValve.invoke(Lorg/apache/catalina/connector/Request;Lorg/apache/catalina/connector/Response;)V+688
j  org.apache.catalina.core.StandardContextValve.invoke(Lorg/apache/catalina/connector/Request;Lorg/apache/catalina/connector/Response;)V+166
j  org.apache.catalina.authenticator.AuthenticatorBase.invoke(Lorg/apache/catalina/connector/Request;Lorg/apache/catalina/connector/Response;)V+254
j  org.apache.catalina.core.StandardHostValve.invoke(Lorg/apache/catalina/connector/Request;Lorg/apache/catalina/connector/Response;)V+138
j  org.apache.catalina.valves.ErrorReportValve.invoke(Lorg/apache/catalina/connector/Request;Lorg/apache/catalina/connector/Response;)V+6
j  org.apache.catalina.core.StandardEngineValve.invoke(Lorg/apache/catalina/connector/Request;Lorg/apache/catalina/connector/Response;)V+71
j  org.apache.catalina.connector.CoyoteAdapter.service(Lorg/apache/coyote/Request;Lorg/apache/coyote/Response;)V+199
j  org.apache.coyote.http11.Http11Processor.service(Lorg/apache/tomcat/util/net/SocketWrapperBase;)Lorg/apache/tomcat/util/net/AbstractEndpoint$Handler$SocketState;+806
j  org.apache.coyote.AbstractProcessorLight.process(Lorg/apache/tomcat/util/net/SocketWrapperBase;Lorg/apache/tomcat/util/net/SocketEvent;)Lorg/apache/tomcat/util/net/AbstractEndpoint$Handler$SocketState;+113
j  org.apache.coyote.AbstractProtocol$ConnectionHandler.process(Lorg/apache/tomcat/util/net/SocketWrapperBase;Lorg/apache/tomcat/util/net/SocketEvent;)Lorg/apache/tomcat/util/net/AbstractEndpoint$Handler$SocketState;+378
j  org.apache.tomcat.util.net.NioEndpoint$SocketProcessor.doRun()V+191
j  org.apache.tomcat.util.net.SocketProcessorBase.run()V+21
j  java.util.concurrent.ThreadPoolExecutor.runWorker(Ljava/util/concurrent/ThreadPoolExecutor$Worker;)V+95
j  java.util.concurrent.ThreadPoolExecutor$Worker.run()V+5
j  org.apache.tomcat.util.threads.TaskThread$WrappingRunnable.run()V+4
j  java.lang.Thread.run()V+11
v  ~StubRoutines::call_stub

---------------  P R O C E S S  ---------------

Java Threads: ( => current thread )
  0x00007f9b3c2d4000 JavaThread "Java2D Disposer" daemon [_thread_blocked, id=2990, stack(0x00007f9b8c733000,0x00007f9b8c834000)]
  0x00007f9bd400e000 JavaThread "DestroyJavaVM" [_thread_blocked, id=2877, stack(0x00007f9bd9f91000,0x00007f9bda092000)]
  0x00007f9b6c7d2000 JavaThread "http-nio-8080-AsyncTimeout" daemon [_thread_blocked, id=2922, stack(0x00007f9b69ced000,0x00007f9b69dee000)]
  0x00007f9b6c7d0800 JavaThread "http-nio-8080-Acceptor-0" daemon [_thread_in_native, id=2921, stack(0x00007f9b69dee000,0x00007f9b69eef000)]
  0x00007f9b6c7cd800 JavaThread "http-nio-8080-ClientPoller-1" daemon [_thread_in_native, id=2920, stack(0x00007f9b69eef000,0x00007f9b69ff0000)]
  0x00007f9b6c7b2800 JavaThread "http-nio-8080-ClientPoller-0" daemon [_thread_in_native, id=2919, stack(0x00007f9b69ff0000,0x00007f9b6a0f1000)]
  0x00007f9b6c797800 JavaThread "http-nio-8080-exec-10" daemon [_thread_blocked, id=2918, stack(0x00007f9b6a0f1000,0x00007f9b6a1f2000)]
  0x00007f9b6c795800 JavaThread "http-nio-8080-exec-9" daemon [_thread_blocked, id=2917, stack(0x00007f9b6a1f2000,0x00007f9b6a2f3000)]
  0x00007f9b6c793800 JavaThread "http-nio-8080-exec-8" daemon [_thread_blocked, id=2916, stack(0x00007f9b6a2f3000,0x00007f9b6a3f4000)]
=>0x00007f9b6c791800 JavaThread "http-nio-8080-exec-7" daemon [_thread_in_native, id=2915, stack(0x00007f9b6a3f4000,0x00007f9b6a4f5000)]
  0x00007f9b6c790000 JavaThread "http-nio-8080-exec-6" daemon [_thread_blocked, id=2914, stack(0x00007f9b6a4f5000,0x00007f9b6a5f6000)]
  0x00007f9b6c78e000 JavaThread "http-nio-8080-exec-5" daemon [_thread_blocked, id=2913, stack(0x00007f9b6a5f6000,0x00007f9b6a6f7000)]
  0x00007f9b6c78c000 JavaThread "http-nio-8080-exec-4" daemon [_thread_blocked, id=2912, stack(0x00007f9b6a6f7000,0x00007f9b6a7f8000)]
  0x00007f9b6c78a000 JavaThread "http-nio-8080-exec-3" daemon [_thread_blocked, id=2911, stack(0x00007f9b6a7f8000,0x00007f9b6a8f9000)]
  0x00007f9b6c788000 JavaThread "http-nio-8080-exec-2" daemon [_thread_blocked, id=2910, stack(0x00007f9b6a8f9000,0x00007f9b6a9fa000)]
  0x00007f9b6c786000 JavaThread "http-nio-8080-exec-1" daemon [_thread_blocked, id=2909, stack(0x00007f9b6a9fa000,0x00007f9b6aafb000)]
  0x00007f9b6c783000 JavaThread "NioBlockingSelector.BlockPoller-1" daemon [_thread_in_native, id=2908, stack(0x00007f9b6aafb000,0x00007f9b6abfc000)]
  0x00007f9b6c75a000 JavaThread "Live Reload Server" daemon [_thread_in_native, id=2907, stack(0x00007f9b6abfc000,0x00007f9b6acfd000)]
  0x00007f9b6c755800 JavaThread "File Watcher" daemon [_thread_blocked, id=2905, stack(0x00007f9b6acfd000,0x00007f9b6adfe000)]
  0x00007f9b6c663000 JavaThread "container-0" [_thread_blocked, id=2904, stack(0x00007f9b6affe000,0x00007f9b6b0ff000)]
  0x00007f9b6c658800 JavaThread "ContainerBackgroundProcessor[StandardEngine[Tomcat]]" daemon [_thread_blocked, id=2903, stack(0x00007f9b6b0ff000,0x00007f9b6b200000)]
  0x00007f9bd445a000 JavaThread "RMI TCP Accept-0" daemon [_thread_in_native, id=2895, stack(0x00007f9b8cc0f000,0x00007f9b8cd10000)]
  0x00007f9bd443c000 JavaThread "RMI TCP Accept-46681" daemon [_thread_in_native, id=2894, stack(0x00007f9b8cd10000,0x00007f9b8ce11000)]
  0x00007f9bd4427800 JavaThread "RMI TCP Accept-0" daemon [_thread_in_native, id=2893, stack(0x00007f9b8ce11000,0x00007f9b8cf12000)]
  0x00007f9bd40d6800 JavaThread "Service Thread" daemon [_thread_blocked, id=2892, stack(0x00007f9bbc6f4000,0x00007f9bbc7f5000)]
  0x00007f9bd40c1800 JavaThread "C1 CompilerThread2" daemon [_thread_blocked, id=2891, stack(0x00007f9bbc7f5000,0x00007f9bbc8f6000)]
  0x00007f9bd40bf800 JavaThread "C2 CompilerThread1" daemon [_thread_blocked, id=2890, stack(0x00007f9bbc8f6000,0x00007f9bbc9f7000)]
  0x00007f9bd40bc800 JavaThread "C2 CompilerThread0" daemon [_thread_blocked, id=2889, stack(0x00007f9bbc9f7000,0x00007f9bbcaf8000)]
  0x00007f9bd40bb000 JavaThread "Signal Dispatcher" daemon [_thread_blocked, id=2888, stack(0x00007f9bbcaf8000,0x00007f9bbcbf9000)]
  0x00007f9bd4088000 JavaThread "Finalizer" daemon [_thread_blocked, id=2887, stack(0x00007f9bbd5b8000,0x00007f9bbd6b9000)]
  0x00007f9bd4083800 JavaThread "Reference Handler" daemon [_thread_blocked, id=2886, stack(0x00007f9bbd6b9000,0x00007f9bbd7ba000)]

Other Threads:
  0x00007f9bd407c000 VMThread [stack: 0x00007f9bbd7ba000,0x00007f9bbd8bb000] [id=2885]
  0x00007f9bd445d000 WatcherThread [stack: 0x00007f9b8cb0e000,0x00007f9b8cc0f000] [id=2896]

VM state:not at safepoint (normal execution)

VM Mutex/Monitor currently owned by a thread: None

Heap:
 PSYoungGen      total 251392K, used 72856K [0x00000000d7f00000, 0x00000000ec380000, 0x0000000100000000)
  eden space 233472K, 31% used [0x00000000d7f00000,0x00000000dc626138,0x00000000e6300000)
  from space 17920K, 0% used [0x00000000e6300000,0x00000000e6300000,0x00000000e7480000)
  to   space 19968K, 0% used [0x00000000eb000000,0x00000000eb000000,0x00000000ec380000)
 ParOldGen       total 139776K, used 37636K [0x0000000087c00000, 0x0000000090480000, 0x00000000d7f00000)
  object space 139776K, 26% used [0x0000000087c00000,0x000000008a0c1048,0x0000000090480000)
 Metaspace       used 40726K, capacity 42600K, committed 42664K, reserved 1085440K
  class space    used 5356K, capacity 5763K, committed 5808K, reserved 1048576K

Card table byte_map: [0x00007f9bc37de000,0x00007f9bc3ba1000] byte_map_base: 0x00007f9bc33a0000

Marking Bits: (ParMarkBitMap*) 0x00007f9bd9463280
 Begin Bits: [0x00007f9bbf639000, 0x00007f9bc1449000)
 End Bits:   [0x00007f9bc1449000, 0x00007f9bc3259000)

Polling page: 0x00007f9bda0b5000

CodeCache: size=245760Kb used=9902Kb max_used=9902Kb free=235857Kb
 bounds [0x00007f9bc3f61000, 0x00007f9bc4911000, 0x00007f9bd2f61000]
 total_blobs=5301 nmethods=4470 adapters=743
 compilation: enabled

Compilation events (10 events):
Event: 40.224 Thread 0x00007f9bd40c1800 4524       1       java.awt.image.ColorModel::getNumComponents (5 bytes)
Event: 40.225 Thread 0x00007f9bd40c1800 nmethod 4524 0x00007f9bc490d290 code [0x00007f9bc490d3e0, 0x00007f9bc490d4f0]
Event: 40.225 Thread 0x00007f9bd40c1800 4525       1       java.awt.image.ColorModel::hasAlpha (5 bytes)
Event: 40.225 Thread 0x00007f9bd40c1800 nmethod 4525 0x00007f9bc490d550 code [0x00007f9bc490d6a0, 0x00007f9bc490d7b0]
Event: 40.227 Thread 0x00007f9bd40c1800 4526       1       sun.awt.image.BufImgSurfaceManager::getPrimarySurfaceData (5 bytes)
Event: 40.227 Thread 0x00007f9bd40c1800 nmethod 4526 0x00007f9bc490d810 code [0x00007f9bc490d960, 0x00007f9bc490da70]
Event: 40.316 Thread 0x00007f9bd40c1800 4527       1       com.xuggle.xuggler.IVideoResampler$Feature::swigValue (5 bytes)
Event: 40.317 Thread 0x00007f9bd40c1800 nmethod 4527 0x00007f9bc490dad0 code [0x00007f9bc490dc20, 0x00007f9bc490dd30]
Event: 40.319 Thread 0x00007f9bd40c1800 4528       1       com.xuggle.xuggler.video.AConverter::getRequiredPictureType (5 bytes)
Event: 40.319 Thread 0x00007f9bd40c1800 nmethod 4528 0x00007f9bc490dd90 code [0x00007f9bc490dee0, 0x00007f9bc490dff0]

GC Heap History (10 events):
Event: 30.328 GC heap before
{Heap before GC invocations=12 (full 2):
 PSYoungGen      total 162816K, used 146937K [0x00000000d7f00000, 0x00000000e5700000, 0x0000000100000000)
  eden space 145920K, 93% used [0x00000000d7f00000,0x00000000e04572a8,0x00000000e0d80000)
  from space 16896K, 61% used [0x00000000e0d80000,0x00000000e17a7338,0x00000000e1e00000)
  to   space 16384K, 0% used [0x00000000e4700000,0x00000000e4700000,0x00000000e5700000)
 ParOldGen       total 90112K, used 55265K [0x0000000087c00000, 0x000000008d400000, 0x00000000d7f00000)
  object space 90112K, 61% used [0x0000000087c00000,0x000000008b1f85b8,0x000000008d400000)
 Metaspace       used 39097K, capacity 40946K, committed 41256K, reserved 1085440K
  class space    used 5173K, capacity 5586K, committed 5680K, reserved 1048576K
Event: 30.340 GC heap after
Heap after GC invocations=12 (full 2):
 PSYoungGen      total 203264K, used 15006K [0x00000000d7f00000, 0x00000000e5a00000, 0x0000000100000000)
  eden space 186880K, 0% used [0x00000000d7f00000,0x00000000d7f00000,0x00000000e3580000)
  from space 16384K, 91% used [0x00000000e4700000,0x00000000e55a78b0,0x00000000e5700000)
  to   space 17920K, 0% used [0x00000000e3580000,0x00000000e3580000,0x00000000e4700000)
 ParOldGen       total 90112K, used 55265K [0x0000000087c00000, 0x000000008d400000, 0x00000000d7f00000)
  object space 90112K, 61% used [0x0000000087c00000,0x000000008b1f85b8,0x000000008d400000)
 Metaspace       used 39097K, capacity 40946K, committed 41256K, reserved 1085440K
  class space    used 5173K, capacity 5586K, committed 5680K, reserved 1048576K
}
Event: 36.044 GC heap before
{Heap before GC invocations=13 (full 2):
 PSYoungGen      total 203264K, used 200079K [0x00000000d7f00000, 0x00000000e5a00000, 0x0000000100000000)
  eden space 186880K, 99% used [0x00000000d7f00000,0x00000000e33bc568,0x00000000e3580000)
  from space 16384K, 91% used [0x00000000e4700000,0x00000000e55a78b0,0x00000000e5700000)
  to   space 17920K, 0% used [0x00000000e3580000,0x00000000e3580000,0x00000000e4700000)
 ParOldGen       total 90112K, used 55265K [0x0000000087c00000, 0x000000008d400000, 0x00000000d7f00000)
  object space 90112K, 61% used [0x0000000087c00000,0x000000008b1f85b8,0x000000008d400000)
 Metaspace       used 39926K, capacity 41798K, committed 42024K, reserved 1085440K
  class space    used 5264K, capacity 5666K, committed 5680K, reserved 1048576K
Event: 36.063 GC heap after
Heap after GC invocations=13 (full 2):
 PSYoungGen      total 204800K, used 7112K [0x00000000d7f00000, 0x00000000e8680000, 0x0000000100000000)
  eden space 186880K, 0% used [0x00000000d7f00000,0x00000000d7f00000,0x00000000e3580000)
  from space 17920K, 39% used [0x00000000e3580000,0x00000000e3c721c0,0x00000000e4700000)
  to   space 17408K, 0% used [0x00000000e7580000,0x00000000e7580000,0x00000000e8680000)
 ParOldGen       total 90112K, used 55273K [0x0000000087c00000, 0x000000008d400000, 0x00000000d7f00000)
  object space 90112K, 61% used [0x0000000087c00000,0x000000008b1fa5b8,0x000000008d400000)
 Metaspace       used 39926K, capacity 41798K, committed 42024K, reserved 1085440K
  class space    used 5264K, capacity 5666K, committed 5680K, reserved 1048576K
}
Event: 37.568 GC heap before
{Heap before GC invocations=14 (full 2):
 PSYoungGen      total 204800K, used 193873K [0x00000000d7f00000, 0x00000000e8680000, 0x0000000100000000)
  eden space 186880K, 99% used [0x00000000d7f00000,0x00000000e35625d0,0x00000000e3580000)
  from space 17920K, 39% used [0x00000000e3580000,0x00000000e3c721c0,0x00000000e4700000)
  to   space 17408K, 0% used [0x00000000e7580000,0x00000000e7580000,0x00000000e8680000)
 ParOldGen       total 90112K, used 55273K [0x0000000087c00000, 0x000000008d400000, 0x00000000d7f00000)
  object space 90112K, 61% used [0x0000000087c00000,0x000000008b1fa5b8,0x000000008d400000)
 Metaspace       used 39932K, capacity 41798K, committed 42024K, reserved 1085440K
  class space    used 5266K, capacity 5666K, committed 5680K, reserved 1048576K
Event: 37.588 GC heap after
Heap after GC invocations=14 (full 2):
 PSYoungGen      total 250368K, used 13075K [0x00000000d7f00000, 0x00000000e8600000, 0x0000000100000000)
  eden space 233472K, 0% used [0x00000000d7f00000,0x00000000d7f00000,0x00000000e6300000)
  from space 16896K, 77% used [0x00000000e7580000,0x00000000e8244c40,0x00000000e8600000)
  to   space 17920K, 0% used [0x00000000e6300000,0x00000000e6300000,0x00000000e7480000)
 ParOldGen       total 90112K, used 67431K [0x0000000087c00000, 0x000000008d400000, 0x00000000d7f00000)
  object space 90112K, 74% used [0x0000000087c00000,0x000000008bdd9dd8,0x000000008d400000)
 Metaspace       used 39932K, capacity 41798K, committed 42024K, reserved 1085440K
  class space    used 5266K, capacity 5666K, committed 5680K, reserved 1048576K
}
Event: 39.484 GC heap before
{Heap before GC invocations=15 (full 2):
 PSYoungGen      total 250368K, used 242546K [0x00000000d7f00000, 0x00000000e8600000, 0x0000000100000000)
  eden space 233472K, 98% used [0x00000000d7f00000,0x00000000e5f17f78,0x00000000e6300000)
  from space 16896K, 77% used [0x00000000e7580000,0x00000000e8244c40,0x00000000e8600000)
  to   space 17920K, 0% used [0x00000000e6300000,0x00000000e6300000,0x00000000e7480000)
 ParOldGen       total 90112K, used 67431K [0x0000000087c00000, 0x000000008d400000, 0x00000000d7f00000)
  object space 90112K, 74% used [0x0000000087c00000,0x000000008bdd9dd8,0x000000008d400000)
 Metaspace       used 40726K, capacity 42600K, committed 42664K, reserved 1085440K
  class space    used 5356K, capacity 5763K, committed 5808K, reserved 1048576K
Event: 39.517 GC heap after
Heap after GC invocations=15 (full 2):
 PSYoungGen      total 251392K, used 16906K [0x00000000d7f00000, 0x00000000ec380000, 0x0000000100000000)
  eden space 233472K, 0% used [0x00000000d7f00000,0x00000000d7f00000,0x00000000e6300000)
  from space 17920K, 94% used [0x00000000e6300000,0x00000000e7382a70,0x00000000e7480000)
  to   space 19968K, 0% used [0x00000000eb000000,0x00000000eb000000,0x00000000ec380000)
 ParOldGen       total 90112K, used 79589K [0x0000000087c00000, 0x000000008d400000, 0x00000000d7f00000)
  object space 90112K, 88% used [0x0000000087c00000,0x000000008c9b95f8,0x000000008d400000)
 Metaspace       used 40726K, capacity 42600K, committed 42664K, reserved 1085440K
  class space    used 5356K, capacity 5763K, committed 5808K, reserved 1048576K
}
Event: 39.517 GC heap before
{Heap before GC invocations=16 (full 3):
 PSYoungGen      total 251392K, used 16906K [0x00000000d7f00000, 0x00000000ec380000, 0x0000000100000000)
  eden space 233472K, 0% used [0x00000000d7f00000,0x00000000d7f00000,0x00000000e6300000)
  from space 17920K, 94% used [0x00000000e6300000,0x00000000e7382a70,0x00000000e7480000)
  to   space 19968K, 0% used [0x00000000eb000000,0x00000000eb000000,0x00000000ec380000)
 ParOldGen       total 90112K, used 79589K [0x0000000087c00000, 0x000000008d400000, 0x00000000d7f00000)
  object space 90112K, 88% used [0x0000000087c00000,0x000000008c9b95f8,0x000000008d400000)
 Metaspace       used 40726K, capacity 42600K, committed 42664K, reserved 1085440K
  class space    used 5356K, capacity 5763K, committed 5808K, reserved 1048576K
Event: 39.764 GC heap after
Heap after GC invocations=16 (full 3):
 PSYoungGen      total 251392K, used 0K [0x00000000d7f00000, 0x00000000ec380000, 0x0000000100000000)
  eden space 233472K, 0% used [0x00000000d7f00000,0x00000000d7f00000,0x00000000e6300000)
  from space 17920K, 0% used [0x00000000e6300000,0x00000000e6300000,0x00000000e7480000)
  to   space 19968K, 0% used [0x00000000eb000000,0x00000000eb000000,0x00000000ec380000)
 ParOldGen       total 139776K, used 37636K [0x0000000087c00000, 0x0000000090480000, 0x00000000d7f00000)
  object space 139776K, 26% used [0x0000000087c00000,0x000000008a0c1048,0x0000000090480000)
 Metaspace       used 40726K, capacity 42600K, committed 42664K, reserved 1085440K
  class space    used 5356K, capacity 5763K, committed 5808K, reserved 1048576K
}

Deoptimization events (0 events):
No events

Classes redefined (0 events):
No events

Internal exceptions (10 events):
Event: 10.129 Thread 0x00007f9b6c786000 Exception <a 'java/lang/ArrayIndexOutOfBoundsException'> (0x00000000db3fadf0) thrown at [/HUDSON/workspace/8-2-build-linux-amd64/jdk8u171/10807/hotspot/src/share/vm/runtime/sharedRuntime.cpp, line 605]
Event: 10.129 Thread 0x00007f9b6c786000 Exception <a 'java/lang/ArrayIndexOutOfBoundsException'> (0x00000000db3fc360) thrown at [/HUDSON/workspace/8-2-build-linux-amd64/jdk8u171/10807/hotspot/src/share/vm/runtime/sharedRuntime.cpp, line 605]
Event: 10.130 Thread 0x00007f9b6c786000 Exception <a 'java/lang/ClassNotFoundException': java/util/Collections$UnmodifiableRandomAccessListCustomizer> (0x00000000db40a9b0) thrown at [/HUDSON/workspace/8-2-build-linux-amd64/jdk8u171/10807/hotspot/src/share/vm/classfile/systemDictionary.cpp, line
Event: 10.130 Thread 0x00007f9b6c786000 Exception <a 'java/lang/ArrayIndexOutOfBoundsException'> (0x00000000db40e038) thrown at [/HUDSON/workspace/8-2-build-linux-amd64/jdk8u171/10807/hotspot/src/share/vm/runtime/sharedRuntime.cpp, line 605]
Event: 10.130 Thread 0x00007f9b6c786000 Exception <a 'java/lang/ArrayIndexOutOfBoundsException'> (0x00000000db4115e0) thrown at [/HUDSON/workspace/8-2-build-linux-amd64/jdk8u171/10807/hotspot/src/share/vm/runtime/sharedRuntime.cpp, line 605]
Event: 10.134 Thread 0x00007f9b6c786000 Exception <a 'java/lang/ClassNotFoundException': org/thymeleaf/model/AttributeValueQuotesBeanInfo> (0x00000000db459910) thrown at [/HUDSON/workspace/8-2-build-linux-amd64/jdk8u171/10807/hotspot/src/share/vm/classfile/systemDictionary.cpp, line 210]
Event: 10.135 Thread 0x00007f9b6c786000 Exception <a 'java/lang/ClassNotFoundException': org/thymeleaf/model/AttributeValueQuotesCustomizer> (0x00000000db46c0c0) thrown at [/HUDSON/workspace/8-2-build-linux-amd64/jdk8u171/10807/hotspot/src/share/vm/classfile/systemDictionary.cpp, line 210]
Event: 10.135 Thread 0x00007f9b6c786000 Exception <a 'java/lang/ArrayIndexOutOfBoundsException'> (0x00000000db46e380) thrown at [/HUDSON/workspace/8-2-build-linux-amd64/jdk8u171/10807/hotspot/src/share/vm/runtime/sharedRuntime.cpp, line 605]
Event: 35.322 Thread 0x00007f9b6c791800 Exception <a 'java/io/FileNotFoundException'> (0x00000000dd2fcbb8) thrown at [/HUDSON/workspace/8-2-build-linux-amd64/jdk8u171/10807/hotspot/src/share/vm/prims/jni.cpp, line 709]
Event: 35.322 Thread 0x00007f9b6c791800 Exception <a 'java/io/FileNotFoundException'> (0x00000000dd2fd8f8) thrown at [/HUDSON/workspace/8-2-build-linux-amd64/jdk8u171/10807/hotspot/src/share/vm/prims/jni.cpp, line 709]

Events (10 events):
Event: 37.621 loading class sun/awt/image/ToolkitImage
Event: 37.621 loading class sun/awt/image/ToolkitImage done
Event: 37.621 loading class java/lang/StrictMath
Event: 37.621 loading class java/lang/StrictMath done
Event: 37.635 loading class java/awt/geom/Point2D$Double
Event: 37.635 loading class java/awt/geom/Point2D$Double done
Event: 39.484 Executing VM operation: ParallelGCFailedAllocation
Event: 39.764 Executing VM operation: ParallelGCFailedAllocation done
Event: 39.767 Executing VM operation: RevokeBias
Event: 39.767 Executing VM operation: RevokeBias done


Dynamic libraries:
00400000-00401000 r-xp 00000000 103:03 1443482                           /usr/lib/jvm/java-8-oracle/bin/java
00600000-00601000 rw-p 00000000 103:03 1443482                           /usr/lib/jvm/java-8-oracle/bin/java
0100c000-03838000 rw-p 00000000 00:00 0                                  [heap]
87c00000-90480000 rw-p 00000000 00:00 0 
90480000-d7f00000 ---p 00000000 00:00 0 
d7f00000-ec380000 rw-p 00000000 00:00 0 
ec380000-100000000 ---p 00000000 00:00 0 
100000000-1005ac000 rw-p 00000000 00:00 0 
1005ac000-140000000 ---p 00000000 00:00 0 
7f9b08000000-7f9b0bbb1000 rw-p 00000000 00:00 0 
7f9b0bbb1000-7f9b0c000000 ---p 00000000 00:00 0 
7f9b10000000-7f9b13ea2000 rw-p 00000000 00:00 0 
7f9b13ea2000-7f9b14000000 ---p 00000000 00:00 0 
7f9b14000000-7f9b17e6b000 rw-p 00000000 00:00 0 
7f9b17e6b000-7f9b18000000 ---p 00000000 00:00 0 
7f9b18000000-7f9b1bd66000 rw-p 00000000 00:00 0 
7f9b1bd66000-7f9b1c000000 ---p 00000000 00:00 0 
7f9b1c000000-7f9b1ff81000 rw-p 00000000 00:00 0 
7f9b1ff81000-7f9b20000000 ---p 00000000 00:00 0 
7f9b20000000-7f9b23e67000 rw-p 00000000 00:00 0 
7f9b23e67000-7f9b24000000 ---p 00000000 00:00 0 
7f9b24000000-7f9b27e88000 rw-p 00000000 00:00 0 
7f9b27e88000-7f9b28000000 ---p 00000000 00:00 0 
7f9b28000000-7f9b2bfc9000 rw-p 00000000 00:00 0 
7f9b2bfc9000-7f9b2c000000 ---p 00000000 00:00 0 
7f9b2c000000-7f9b2ffb3000 rw-p 00000000 00:00 0 
7f9b2ffb3000-7f9b30000000 ---p 00000000 00:00 0 
7f9b30000000-7f9b33f78000 rw-p 00000000 00:00 0 
7f9b33f78000-7f9b34000000 ---p 00000000 00:00 0 
7f9b35071000-7f9b35072000 ---p 00000000 00:00 0 
7f9b35072000-7f9b35872000 rw-p 00000000 00:00 0 
7f9b35872000-7f9b35873000 ---p 00000000 00:00 0 
7f9b35873000-7f9b36073000 rw-p 00000000 00:00 0 
7f9b36073000-7f9b36074000 ---p 00000000 00:00 0 
7f9b36074000-7f9b36874000 rw-p 00000000 00:00 0 
7f9b36874000-7f9b36875000 ---p 00000000 00:00 0 
7f9b36875000-7f9b37075000 rw-p 00000000 00:00 0 
7f9b37075000-7f9b37076000 ---p 00000000 00:00 0 
7f9b37076000-7f9b37876000 rw-p 00000000 00:00 0 
7f9b37876000-7f9b37877000 ---p 00000000 00:00 0 
7f9b37877000-7f9b38077000 rw-p 00000000 00:00 0 
7f9b38077000-7f9b38078000 ---p 00000000 00:00 0 
7f9b38078000-7f9b38878000 rw-p 00000000 00:00 0 
7f9b38878000-7f9b3887f000 r-xp 00000000 103:03 1585443                   /usr/lib/jvm/java-8-oracle/jre/lib/amd64/libawt_headless.so
7f9b3887f000-7f9b38a7e000 ---p 00007000 103:03 1585443                   /usr/lib/jvm/java-8-oracle/jre/lib/amd64/libawt_headless.so
7f9b38a7e000-7f9b38a7f000 rw-p 00006000 103:03 1585443                   /usr/lib/jvm/java-8-oracle/jre/lib/amd64/libawt_headless.so
7f9b38a7f000-7f9b38b21000 r-xp 00000000 103:03 1585425                   /usr/lib/jvm/java-8-oracle/jre/lib/amd64/libawt.so
7f9b38b21000-7f9b38d21000 ---p 000a2000 103:03 1585425                   /usr/lib/jvm/java-8-oracle/jre/lib/amd64/libawt.so
7f9b38d21000-7f9b38d2d000 rw-p 000a2000 103:03 1585425                   /usr/lib/jvm/java-8-oracle/jre/lib/amd64/libawt.so
7f9b38d2d000-7f9b38d51000 rw-p 00000000 00:00 0 
7f9b38d51000-7f9b38d52000 ---p 00000000 00:00 0 
7f9b38d52000-7f9b39552000 rw-p 00000000 00:00 0 
7f9b39552000-7f9b39553000 ---p 00000000 00:00 0 
7f9b39553000-7f9b39d53000 rw-p 00000000 00:00 0 
7f9b39d53000-7f9b39d54000 ---p 00000000 00:00 0 
7f9b39d54000-7f9b3a554000 rw-p 00000000 00:00 0 
7f9b3a554000-7f9b3b727000 r-xp 00000000 103:03 655405                    /tmp/xuggle/xuggle5991542845502138114.tmp (deleted)
7f9b3b727000-7f9b3b927000 ---p 011d3000 103:03 655405                    /tmp/xuggle/xuggle5991542845502138114.tmp (deleted)
7f9b3b927000-7f9b3b988000 r--p 011d3000 103:03 655405                    /tmp/xuggle/xuggle5991542845502138114.tmp (deleted)
7f9b3b988000-7f9b3b9c3000 rw-p 01234000 103:03 655405                    /tmp/xuggle/xuggle5991542845502138114.tmp (deleted)
7f9b3b9c3000-7f9b3c000000 rw-p 00000000 00:00 0 
7f9b3c000000-7f9b3fc9c000 rw-p 00000000 00:00 0 
7f9b3fc9c000-7f9b40000000 ---p 00000000 00:00 0 
7f9b40000000-7f9b40021000 rw-p 00000000 00:00 0 
7f9b40021000-7f9b44000000 ---p 00000000 00:00 0 
7f9b44000000-7f9b44021000 rw-p 00000000 00:00 0 
7f9b44021000-7f9b48000000 ---p 00000000 00:00 0 
7f9b48000000-7f9b48021000 rw-p 00000000 00:00 0 
7f9b48021000-7f9b4c000000 ---p 00000000 00:00 0 
7f9b4c000000-7f9b4c021000 rw-p 00000000 00:00 0 
7f9b4c021000-7f9b50000000 ---p 00000000 00:00 0 
7f9b50000000-7f9b501d0000 rw-p 00000000 00:00 0 
7f9b501d0000-7f9b54000000 ---p 00000000 00:00 0 
7f9b54000000-7f9b54021000 rw-p 00000000 00:00 0 
7f9b54021000-7f9b58000000 ---p 00000000 00:00 0 
7f9b58000000-7f9b58021000 rw-p 00000000 00:00 0 
7f9b58021000-7f9b5c000000 ---p 00000000 00:00 0 
7f9b5c000000-7f9b5c7e0000 rw-p 00000000 00:00 0 
7f9b5c7e0000-7f9b60000000 ---p 00000000 00:00 0 
7f9b60000000-7f9b60021000 rw-p 00000000 00:00 0 
7f9b60021000-7f9b64000000 ---p 00000000 00:00 0 
7f9b64000000-7f9b64f99000 rw-p 00000000 00:00 0 
7f9b64f99000-7f9b68000000 ---p 00000000 00:00 0 
7f9b68153000-7f9b68154000 ---p 00000000 00:00 0 
7f9b68154000-7f9b68954000 rw-p 00000000 00:00 0 
7f9b68954000-7f9b68955000 ---p 00000000 00:00 0 
7f9b68955000-7f9b69155000 rw-p 00000000 00:00 0 
7f9b69155000-7f9b6916b000 r-xp 00000000 103:03 3413000                   /lib/x86_64-linux-gnu/libgcc_s.so.1
7f9b6916b000-7f9b6936a000 ---p 00016000 103:03 3413000                   /lib/x86_64-linux-gnu/libgcc_s.so.1
7f9b6936a000-7f9b6936b000 rw-p 00015000 103:03 3413000                   /lib/x86_64-linux-gnu/libgcc_s.so.1
7f9b6936b000-7f9b694dd000 r-xp 00000000 103:03 1312906                   /usr/lib/x86_64-linux-gnu/libstdc++.so.6.0.21
7f9b694dd000-7f9b696dd000 ---p 00172000 103:03 1312906                   /usr/lib/x86_64-linux-gnu/libstdc++.so.6.0.21
7f9b696dd000-7f9b696e7000 r--p 00172000 103:03 1312906                   /usr/lib/x86_64-linux-gnu/libstdc++.so.6.0.21
7f9b696e7000-7f9b696e9000 rw-p 0017c000 103:03 1312906                   /usr/lib/x86_64-linux-gnu/libstdc++.so.6.0.21
7f9b696e9000-7f9b698ed000 rw-p 00000000 00:00 0 
7f9b698ed000-7f9b69aed000 rw-p 00000000 00:00 0 
7f9b69aed000-7f9b69ced000 rw-p 00000000 00:00 0 
7f9b69ced000-7f9b69cf0000 ---p 00000000 00:00 0 
7f9b69cf0000-7f9b69dee000 rw-p 00000000 00:00 0 
7f9b69dee000-7f9b69df1000 ---p 00000000 00:00 0 
7f9b69df1000-7f9b69eef000 rw-p 00000000 00:00 0 
7f9b69eef000-7f9b69ef2000 ---p 00000000 00:00 0 
7f9b69ef2000-7f9b69ff0000 rw-p 00000000 00:00 0 
7f9b69ff0000-7f9b69ff3000 ---p 00000000 00:00 0 
7f9b69ff3000-7f9b6a0f1000 rw-p 00000000 00:00 0 
7f9b6a0f1000-7f9b6a0f4000 ---p 00000000 00:00 0 
7f9b6a0f4000-7f9b6a1f2000 rw-p 00000000 00:00 0 
7f9b6a1f2000-7f9b6a1f5000 ---p 00000000 00:00 0 
7f9b6a1f5000-7f9b6a2f3000 rw-p 00000000 00:00 0 
7f9b6a2f3000-7f9b6a2f6000 ---p 00000000 00:00 0 
7f9b6a2f6000-7f9b6a3f4000 rw-p 00000000 00:00 0 
7f9b6a3f4000-7f9b6a3f7000 ---p 00000000 00:00 0 
7f9b6a3f7000-7f9b6a4f5000 rw-p 00000000 00:00 0 
7f9b6a4f5000-7f9b6a4f8000 ---p 00000000 00:00 0 
7f9b6a4f8000-7f9b6a5f6000 rw-p 00000000 00:00 0 
7f9b6a5f6000-7f9b6a5f9000 ---p 00000000 00:00 0 
7f9b6a5f9000-7f9b6a6f7000 rw-p 00000000 00:00 0 
7f9b6a6f7000-7f9b6a6fa000 ---p 00000000 00:00 0 
7f9b6a6fa000-7f9b6a7f8000 rw-p 00000000 00:00 0 
7f9b6a7f8000-7f9b6a7fb000 ---p 00000000 00:00 0 
7f9b6a7fb000-7f9b6a8f9000 rw-p 00000000 00:00 0 
7f9b6a8f9000-7f9b6a8fc000 ---p 00000000 00:00 0 
7f9b6a8fc000-7f9b6a9fa000 rw-p 00000000 00:00 0 
7f9b6a9fa000-7f9b6a9fd000 ---p 00000000 00:00 0 
7f9b6a9fd000-7f9b6aafb000 rw-p 00000000 00:00 0 
7f9b6aafb000-7f9b6aafe000 ---p 00000000 00:00 0 
7f9b6aafe000-7f9b6abfc000 rw-p 00000000 00:00 0 
7f9b6abfc000-7f9b6abff000 ---p 00000000 00:00 0 
7f9b6abff000-7f9b6acfd000 rw-p 00000000 00:00 0 
7f9b6acfd000-7f9b6ad00000 ---p 00000000 00:00 0 
7f9b6ad00000-7f9b6affc000 rw-p 00000000 00:00 0 
7f9b6affc000-7f9b6affe000 ---p 00000000 00:00 0 
7f9b6affe000-7f9b6b001000 ---p 00000000 00:00 0 
7f9b6b001000-7f9b6b0ff000 rw-p 00000000 00:00 0 
7f9b6b0ff000-7f9b6b102000 ---p 00000000 00:00 0 
7f9b6b102000-7f9b6b400000 rw-p 00000000 00:00 0 
7f9b6b400000-7f9b6b600000 rw-p 00000000 00:00 0 
7f9b6b600000-7f9b6b800000 rw-p 00000000 00:00 0 
7f9b6b800000-7f9b6ba00000 rw-p 00000000 00:00 0 
7f9b6ba00000-7f9b6bc00000 rw-p 00000000 00:00 0 
7f9b6bc00000-7f9b6be00000 rw-p 00000000 00:00 0 
7f9b6be00000-7f9b6c000000 rw-p 00000000 00:00 0 
7f9b6c000000-7f9b6d155000 rw-p 00000000 00:00 0 
7f9b6d155000-7f9b70000000 ---p 00000000 00:00 0 
7f9b70000000-7f9b70d20000 rw-p 00000000 00:00 0 
7f9b70d20000-7f9b74000000 ---p 00000000 00:00 0 
7f9b74000000-7f9b74021000 rw-p 00000000 00:00 0 
7f9b74021000-7f9b78000000 ---p 00000000 00:00 0 
7f9b78000000-7f9b78839000 rw-p 00000000 00:00 0 
7f9b78839000-7f9b7c000000 ---p 00000000 00:00 0 
7f9b7c000000-7f9b7c021000 rw-p 00000000 00:00 0 
7f9b7c021000-7f9b80000000 ---p 00000000 00:00 0 
7f9b80000000-7f9b80021000 rw-p 00000000 00:00 0 
7f9b80021000-7f9b84000000 ---p 00000000 00:00 0 
7f9b84000000-7f9b84021000 rw-p 00000000 00:00 0 
7f9b84021000-7f9b88000000 ---p 00000000 00:00 0 
7f9b88000000-7f9b88021000 rw-p 00000000 00:00 0 
7f9b88021000-7f9b8c000000 ---p 00000000 00:00 0 
7f9b8c106000-7f9b8c306000 rw-p 00000000 00:00 0 
7f9b8c306000-7f9b8c506000 rw-p 00000000 00:00 0 
7f9b8c733000-7f9b8c736000 ---p 00000000 00:00 0 
7f9b8c736000-7f9b8c834000 rw-p 00000000 00:00 0 
7f9b8c834000-7f9b8c850000 r--s 00393000 103:03 1706985                   /usr/lib/jvm/java-8-oracle/jre/lib/ext/cldrdata.jar
7f9b8c850000-7f9b8c85a000 r--s 00116000 103:03 1706992                   /usr/lib/jvm/java-8-oracle/jre/lib/ext/localedata.jar
7f9b8c85a000-7f9b8c861000 r--s 00000000 103:03 1575182                   /usr/lib/x86_64-linux-gnu/gconv/gconv-modules.cache
7f9b8c861000-7f9b8c866000 r--s 002f9000 103:03 1574179                   /usr/lib/jvm/java-8-oracle/jre/lib/charsets.jar
7f9b8c866000-7f9b8c879000 r--s 00345000 103:03 1574190                   /usr/lib/jvm/java-8-oracle/jre/lib/resources.jar
7f9b8c879000-7f9b8c90e000 r--s 0110b000 103:03 1706986                   /usr/lib/jvm/java-8-oracle/jre/lib/ext/jfxrt.jar
7f9b8c90e000-7f9b8cb0e000 rw-p 00000000 00:00 0 
7f9b8cb0e000-7f9b8cb0f000 ---p 00000000 00:00 0 
7f9b8cb0f000-7f9b8cc0f000 rw-p 00000000 00:00 0 
7f9b8cc0f000-7f9b8cc12000 ---p 00000000 00:00 0 
7f9b8cc12000-7f9b8cd10000 rw-p 00000000 00:00 0 
7f9b8cd10000-7f9b8cd13000 ---p 00000000 00:00 0 
7f9b8cd13000-7f9b8ce11000 rw-p 00000000 00:00 0 
7f9b8ce11000-7f9b8ce14000 ---p 00000000 00:00 0 
7f9b8ce14000-7f9b8cf12000 rw-p 00000000 00:00 0 
7f9b8cf12000-7f9b8cf17000 r--s 0009d000 103:03 1574191                   /usr/lib/jvm/java-8-oracle/jre/lib/jsse.jar
7f9b8cf17000-7f9b8cf37000 r--s 000fc000 103:04 1705373                   /home/srng/.m2/repository/org/springframework/boot/spring-boot-autoconfigure/2.0.3.RELEASE/spring-boot-autoconfigure-2.0.3.RELEASE.jar
7f9b8cf37000-7f9b8cf4c000 r--s 000cf000 103:04 1705371                   /home/srng/.m2/repository/org/springframework/boot/spring-boot/2.0.3.RELEASE/spring-boot-2.0.3.RELEASE.jar
7f9b8cf4c000-7f9b8cf52000 r--s 0002d000 103:04 1705369                   /home/srng/.m2/repository/org/springframework/boot/spring-boot-devtools/2.0.3.RELEASE/spring-boot-devtools-2.0.3.RELEASE.jar
7f9b8cf52000-7f9b8cf5d000 r--s 00069000 103:04 1705249                   /home/srng/.m2/repository/ch/qos/logback/logback-core/1.2.3/logback-core-1.2.3.jar
7f9b8cf5d000-7f9b8cf63000 r--s 00041000 103:04 1705247                   /home/srng/.m2/repository/ch/qos/logback/logback-classic/1.2.3/logback-classic-1.2.3.jar
7f9b8cf63000-7f9b8cf65000 r--s 00009000 103:04 1705263                   /home/srng/.m2/repository/org/slf4j/slf4j-api/1.7.25/slf4j-api-1.7.25.jar
7f9b8cf65000-7f9b8cf67000 r--s 00004000 103:04 1705363                   /home/srng/.m2/repository/org/springframework/spring-jcl/5.0.7.RELEASE/spring-jcl-5.0.7.RELEASE.jar
7f9b8cf67000-7f9b8cf7f000 r--s 00114000 103:04 1705361                   /home/srng/.m2/repository/org/springframework/spring-core/5.0.7.RELEASE/spring-core-5.0.7.RELEASE.jar
7f9b8cf7f000-7f9b8cf84000 r--s 00040000 103:04 1705323                   /home/srng/.m2/repository/org/springframework/spring-expression/5.0.7.RELEASE/spring-expression-5.0.7.RELEASE.jar
7f9b8cf84000-7f9b8cf9e000 r--s 000f1000 103:04 1705321                   /home/srng/.m2/repository/org/springframework/spring-context/5.0.7.RELEASE/spring-context-5.0.7.RELEASE.jar
7f9b8cf9e000-7f9b8cfa7000 r--s 00051000 103:04 1705319                   /home/srng/.m2/repository/org/springframework/spring-aop/5.0.7.RELEASE/spring-aop-5.0.7.RELEASE.jar
7f9b8cfa7000-7f9b8cfb6000 r--s 000b2000 103:04 1705317                   /home/srng/.m2/repository/org/springframework/spring-webmvc/5.0.7.RELEASE/spring-webmvc-5.0.7.RELEASE.jar
7f9b8cfb6000-7f9b8cfc2000 r--s 00096000 103:04 1705267                   /home/srng/.m2/repository/org/springframework/spring-beans/5.0.7.RELEASE/spring-beans-5.0.7.RELEASE.jar
7f9b8cfc2000-7f9b8cfdc000 r--s 00119000 103:04 1705315                   /home/srng/.m2/repository/org/springframework/spring-web/5.0.7.RELEASE/spring-web-5.0.7.RELEASE.jar
7f9b8cfdc000-7f9b8cfde000 r--s 0000e000 103:04 1705313                   /home/srng/.m2/repository/com/fasterxml/classmate/1.3.4/classmate-1.3.4.jar
7f9b8cfde000-7f9b8cfe3000 r--s 00012000 103:04 1705309                   /home/srng/.m2/repository/javax/validation/validation-api/2.0.1.Final/validation-api-2.0.1.Final.jar
7f9b8cfe3000-7f9b8cfff000 r--s 000f9000 103:04 1705307                   /home/srng/.m2/repository/org/hibernate/validator/hibernate-validator/6.0.10.Final/hibernate-validator-6.0.10.Final.jar
7f9b8cfff000-7f9b90000000 rw-p 00000000 00:00 0 
7f9b90000000-7f9b90021000 rw-p 00000000 00:00 0 
7f9b90021000-7f9b94000000 ---p 00000000 00:00 0 
7f9b94000000-7f9b94560000 rw-p 00000000 00:00 0 
7f9b94560000-7f9b98000000 ---p 00000000 00:00 0 
7f9b98000000-7f9b98021000 rw-p 00000000 00:00 0 
7f9b98021000-7f9b9c000000 ---p 00000000 00:00 0 
7f9b9c000000-7f9b9c066000 rw-p 00000000 00:00 0 
7f9b9c066000-7f9ba0000000 ---p 00000000 00:00 0 
7f9ba0000000-7f9ba0021000 rw-p 00000000 00:00 0 
7f9ba0021000-7f9ba4000000 ---p 00000000 00:00 0 
7f9ba4000000-7f9ba4021000 rw-p 00000000 00:00 0 
7f9ba4021000-7f9ba8000000 ---p 00000000 00:00 0 
7f9ba8000000-7f9ba8021000 rw-p 00000000 00:00 0 
7f9ba8021000-7f9bac000000 ---p 00000000 00:00 0 
7f9bac000000-7f9bac021000 rw-p 00000000 00:00 0 
7f9bac021000-7f9bb0000000 ---p 00000000 00:00 0 
7f9bb0000000-7f9bb0021000 rw-p 00000000 00:00 0 
7f9bb0021000-7f9bb4000000 ---p 00000000 00:00 0 
7f9bb4000000-7f9bb4021000 rw-p 00000000 00:00 0 
7f9bb4021000-7f9bb8000000 ---p 00000000 00:00 0 
7f9bb8000000-7f9bb8021000 rw-p 00000000 00:00 0 
7f9bb8021000-7f9bbc000000 ---p 00000000 00:00 0 
7f9bbc000000-7f9bbc001000 r--p 00000000 103:03 1969302                   /usr/share/locale-langpack/en_AU/LC_MESSAGES/libc.mo
7f9bbc001000-7f9bbc003000 r--s 0000f000 103:04 1705311                   /home/srng/.m2/repository/org/jboss/logging/jboss-logging/3.3.2.Final/jboss-logging-3.3.2.Final.jar
7f9bbc003000-7f9bbc008000 r--s 0003a000 103:04 1705305                   /home/srng/.m2/repository/org/apache/tomcat/embed/tomcat-embed-websocket/8.5.31/tomcat-embed-websocket-8.5.31.jar
7f9bbc008000-7f9bbc00c000 r--s 00037000 103:04 1705303                   /home/srng/.m2/repository/org/apache/tomcat/embed/tomcat-embed-el/8.5.31/tomcat-embed-el-8.5.31.jar
7f9bbc00c000-7f9bbc035000 r--s 002d0000 103:04 1705301                   /home/srng/.m2/repository/org/apache/tomcat/embed/tomcat-embed-core/8.5.31/tomcat-embed-core-8.5.31.jar
7f9bbc035000-7f9bbc036000 r--s 00000000 103:04 1705299                   /home/srng/.m2/repository/org/springframework/boot/spring-boot-starter-tomcat/2.0.3.RELEASE/spring-boot-starter-tomcat-2.0.3.RELEASE.jar
7f9bbc036000-7f9bbc038000 r--s 00001000 103:04 1705297                   /home/srng/.m2/repository/com/fasterxml/jackson/module/jackson-module-parameter-names/2.9.6/jackson-module-parameter-names-2.9.6.jar
7f9bbc038000-7f9bbc03b000 r--s 00016000 103:04 1705295                   /home/srng/.m2/repository/com/fasterxml/jackson/datatype/jackson-datatype-jsr310/2.9.6/jackson-datatype-jsr310-2.9.6.jar
7f9bbc03b000-7f9bbc03d000 r--s 00007000 103:04 1705293                   /home/srng/.m2/repository/com/fasterxml/jackson/datatype/jackson-datatype-jdk8/2.9.6/jackson-datatype-jdk8-2.9.6.jar
7f9bbc03d000-7f9bbc042000 r--s 0004b000 103:04 1705291                   /home/srng/.m2/repository/com/fasterxml/jackson/core/jackson-core/2.9.6/jackson-core-2.9.6.jar
7f9bbc042000-7f9bbc045000 r--s 0000e000 103:04 1705289                   /home/srng/.m2/repository/com/fasterxml/jackson/core/jackson-annotations/2.9.0/jackson-annotations-2.9.0.jar
7f9bbc045000-7f9bbc058000 r--s 00137000 103:04 1705287                   /home/srng/.m2/repository/com/fasterxml/jackson/core/jackson-databind/2.9.6/jackson-databind-2.9.6.jar
7f9bbc058000-7f9bbc059000 r--s 00000000 103:04 1705285                   /home/srng/.m2/repository/org/springframework/boot/spring-boot-starter-json/2.0.3.RELEASE/spring-boot-starter-json-2.0.3.RELEASE.jar
7f9bbc059000-7f9bbc05a000 r--s 00000000 103:04 1705283                   /home/srng/.m2/repository/org/springframework/boot/spring-boot-starter-web/2.0.3.RELEASE/spring-boot-starter-web-2.0.3.RELEASE.jar
7f9bbc05a000-7f9bbc05e000 r--s 00027000 103:04 1705273                   /home/srng/.m2/repository/org/thymeleaf/thymeleaf-spring5/3.0.9.RELEASE/thymeleaf-spring5-3.0.9.RELEASE.jar
7f9bbc05e000-7f9bbc065000 r--s 00042000 103:04 1705259                   /home/srng/.m2/repository/org/yaml/snakeyaml/1.19/snakeyaml-1.19.jar
7f9bbc065000-7f9bbc067000 r--s 00005000 103:04 1705257                   /home/srng/.m2/repository/javax/annotation/javax.annotation-api/1.3.2/javax.annotation-api-1.3.2.jar
7f9bbc067000-7f9bbc069000 r--s 00000000 103:04 1705255                   /home/srng/.m2/repository/org/slf4j/jul-to-slf4j/1.7.25/jul-to-slf4j-1.7.25.jar
7f9bbc069000-7f9bbc06f000 r--s 00039000 103:04 1705253                   /home/srng/.m2/repository/org/apache/logging/log4j/log4j-api/2.10.0/log4j-api-2.10.0.jar
7f9bbc06f000-7f9bbc076000 r--s 0266d000 103:04 2228971                   /home/srng/.m2/repository/xuggle/xuggle-xuggler/5.4/xuggle-xuggler-5.4.jar
7f9bbc076000-7f9bbc0c3000 r--s 0042b000 103:04 1706057                   /home/srng/.m2/repository/org/codehaus/groovy/groovy/2.4.15/groovy-2.4.15.jar
7f9bbc0c3000-7f9bbc0d4000 r-xp 00000000 103:03 1585435                   /usr/lib/jvm/java-8-oracle/jre/lib/amd64/libnio.so
7f9bbc0d4000-7f9bbc2d3000 ---p 00011000 103:03 1585435                   /usr/lib/jvm/java-8-oracle/jre/lib/amd64/libnio.so
7f9bbc2d3000-7f9bbc2d4000 rw-p 00010000 103:03 1585435                   /usr/lib/jvm/java-8-oracle/jre/lib/amd64/libnio.so
7f9bbc2d4000-7f9bbc2ea000 r-xp 00000000 103:03 1585432                   /usr/lib/jvm/java-8-oracle/jre/lib/amd64/libnet.so
7f9bbc2ea000-7f9bbc4ea000 ---p 00016000 103:03 1585432                   /usr/lib/jvm/java-8-oracle/jre/lib/amd64/libnet.so
7f9bbc4ea000-7f9bbc4eb000 rw-p 00016000 103:03 1585432                   /usr/lib/jvm/java-8-oracle/jre/lib/amd64/libnet.so
7f9bbc4eb000-7f9bbc4f4000 r-xp 00000000 103:03 1585440                   /usr/lib/jvm/java-8-oracle/jre/lib/amd64/libmanagement.so
7f9bbc4f4000-7f9bbc6f3000 ---p 00009000 103:03 1585440                   /usr/lib/jvm/java-8-oracle/jre/lib/amd64/libmanagement.so
7f9bbc6f3000-7f9bbc6f4000 rw-p 00008000 103:03 1585440                   /usr/lib/jvm/java-8-oracle/jre/lib/amd64/libmanagement.so
7f9bbc6f4000-7f9bbc6f7000 ---p 00000000 00:00 0 
7f9bbc6f7000-7f9bbc7f5000 rw-p 00000000 00:00 0 
7f9bbc7f5000-7f9bbc7f8000 ---p 00000000 00:00 0 
7f9bbc7f8000-7f9bbc8f6000 rw-p 00000000 00:00 0 
7f9bbc8f6000-7f9bbc8f9000 ---p 00000000 00:00 0 
7f9bbc8f9000-7f9bbc9f7000 rw-p 00000000 00:00 0 
7f9bbc9f7000-7f9bbc9fa000 ---p 00000000 00:00 0 
7f9bbc9fa000-7f9bbcaf8000 rw-p 00000000 00:00 0 
7f9bbcaf8000-7f9bbcafb000 ---p 00000000 00:00 0 
7f9bbcafb000-7f9bbcbf9000 rw-p 00000000 00:00 0 
7f9bbcbf9000-7f9bbd5b8000 r--p 00000000 103:03 1318602                   /usr/lib/locale/locale-archive
7f9bbd5b8000-7f9bbd5bb000 ---p 00000000 00:00 0 
7f9bbd5bb000-7f9bbd6b9000 rw-p 00000000 00:00 0 
7f9bbd6b9000-7f9bbd6bc000 ---p 00000000 00:00 0 
7f9bbd6bc000-7f9bbd7ba000 rw-p 00000000 00:00 0 
7f9bbd7ba000-7f9bbd7bb000 ---p 00000000 00:00 0 
7f9bbd7bb000-7f9bbe89d000 rw-p 00000000 00:00 0 
7f9bbe89d000-7f9bbea77000 r--s 03d68000 103:03 1574181                   /usr/lib/jvm/java-8-oracle/jre/lib/rt.jar
7f9bbea77000-7f9bc3259000 rw-p 00000000 00:00 0 
7f9bc3259000-7f9bc325a000 ---p 00000000 00:00 0 
7f9bc325a000-7f9bc335a000 rw-p 00000000 00:00 0 
7f9bc335a000-7f9bc335b000 ---p 00000000 00:00 0 
7f9bc335b000-7f9bc345b000 rw-p 00000000 00:00 0 
7f9bc345b000-7f9bc345c000 ---p 00000000 00:00 0 
7f9bc345c000-7f9bc35a1000 rw-p 00000000 00:00 0 
7f9bc35a1000-7f9bc37de000 ---p 00000000 00:00 0 
7f9bc37de000-7f9bc3823000 rw-p 00000000 00:00 0 
7f9bc3823000-7f9bc3a5f000 ---p 00000000 00:00 0 
7f9bc3a5f000-7f9bc3b02000 rw-p 00000000 00:00 0 
7f9bc3b02000-7f9bc3ba0000 ---p 00000000 00:00 0 
7f9bc3ba0000-7f9bc3bc8000 rw-p 00000000 00:00 0 
7f9bc3bc8000-7f9bc3f61000 ---p 00000000 00:00 0 
7f9bc3f61000-7f9bc4911000 rwxp 00000000 00:00 0 
7f9bc4911000-7f9bd2f61000 ---p 00000000 00:00 0 
7f9bd2f61000-7f9bd2f7c000 r-xp 00000000 103:03 1585428                   /usr/lib/jvm/java-8-oracle/jre/lib/amd64/libzip.so
7f9bd2f7c000-7f9bd317c000 ---p 0001b000 103:03 1585428                   /usr/lib/jvm/java-8-oracle/jre/lib/amd64/libzip.so
7f9bd317c000-7f9bd317d000 rw-p 0001b000 103:03 1585428                   /usr/lib/jvm/java-8-oracle/jre/lib/amd64/libzip.so
7f9bd317d000-7f9bd3188000 r-xp 00000000 103:03 3413061                   /lib/x86_64-linux-gnu/libnss_files-2.23.so
7f9bd3188000-7f9bd3387000 ---p 0000b000 103:03 3413061                   /lib/x86_64-linux-gnu/libnss_files-2.23.so
7f9bd3387000-7f9bd3388000 r--p 0000a000 103:03 3413061                   /lib/x86_64-linux-gnu/libnss_files-2.23.so
7f9bd3388000-7f9bd3389000 rw-p 0000b000 103:03 3413061                   /lib/x86_64-linux-gnu/libnss_files-2.23.so
7f9bd3389000-7f9bd338f000 rw-p 00000000 00:00 0 
7f9bd338f000-7f9bd339a000 r-xp 00000000 103:03 3413071                   /lib/x86_64-linux-gnu/libnss_nis-2.23.so
7f9bd339a000-7f9bd3599000 ---p 0000b000 103:03 3413071                   /lib/x86_64-linux-gnu/libnss_nis-2.23.so
7f9bd3599000-7f9bd359a000 r--p 0000a000 103:03 3413071                   /lib/x86_64-linux-gnu/libnss_nis-2.23.so
7f9bd359a000-7f9bd359b000 rw-p 0000b000 103:03 3413071                   /lib/x86_64-linux-gnu/libnss_nis-2.23.so
7f9bd359b000-7f9bd35b1000 r-xp 00000000 103:03 3413055                   /lib/x86_64-linux-gnu/libnsl-2.23.so
7f9bd35b1000-7f9bd37b0000 ---p 00016000 103:03 3413055                   /lib/x86_64-linux-gnu/libnsl-2.23.so
7f9bd37b0000-7f9bd37b1000 r--p 00015000 103:03 3413055                   /lib/x86_64-linux-gnu/libnsl-2.23.so
7f9bd37b1000-7f9bd37b2000 rw-p 00016000 103:03 3413055                   /lib/x86_64-linux-gnu/libnsl-2.23.so
7f9bd37b2000-7f9bd37b4000 rw-p 00000000 00:00 0 
7f9bd37b4000-7f9bd37bc000 r-xp 00000000 103:03 3413057                   /lib/x86_64-linux-gnu/libnss_compat-2.23.so
7f9bd37bc000-7f9bd39bb000 ---p 00008000 103:03 3413057                   /lib/x86_64-linux-gnu/libnss_compat-2.23.so
7f9bd39bb000-7f9bd39bc000 r--p 00007000 103:03 3413057                   /lib/x86_64-linux-gnu/libnss_compat-2.23.so
7f9bd39bc000-7f9bd39bd000 rw-p 00008000 103:03 3413057                   /lib/x86_64-linux-gnu/libnss_compat-2.23.so
7f9bd39bd000-7f9bd39e8000 r-xp 00000000 103:03 1585422                   /usr/lib/jvm/java-8-oracle/jre/lib/amd64/libjava.so
7f9bd39e8000-7f9bd3be7000 ---p 0002b000 103:03 1585422                   /usr/lib/jvm/java-8-oracle/jre/lib/amd64/libjava.so
7f9bd3be7000-7f9bd3be9000 rw-p 0002a000 103:03 1585422                   /usr/lib/jvm/java-8-oracle/jre/lib/amd64/libjava.so
7f9bd3be9000-7f9bd3bf6000 r-xp 00000000 103:03 1585427                   /usr/lib/jvm/java-8-oracle/jre/lib/amd64/libverify.so
7f9bd3bf6000-7f9bd3df6000 ---p 0000d000 103:03 1585427                   /usr/lib/jvm/java-8-oracle/jre/lib/amd64/libverify.so
7f9bd3df6000-7f9bd3df8000 rw-p 0000d000 103:03 1585427                   /usr/lib/jvm/java-8-oracle/jre/lib/amd64/libverify.so
7f9bd3df8000-7f9bd3dff000 r-xp 00000000 103:03 3413116                   /lib/x86_64-linux-gnu/librt-2.23.so
7f9bd3dff000-7f9bd3ffe000 ---p 00007000 103:03 3413116                   /lib/x86_64-linux-gnu/librt-2.23.so
7f9bd3ffe000-7f9bd3fff000 r--p 00006000 103:03 3413116                   /lib/x86_64-linux-gnu/librt-2.23.so
7f9bd3fff000-7f9bd4000000 rw-p 00007000 103:03 3413116                   /lib/x86_64-linux-gnu/librt-2.23.so
7f9bd4000000-7f9bd47e5000 rw-p 00000000 00:00 0 
7f9bd47e5000-7f9bd8000000 ---p 00000000 00:00 0 
7f9bd8000000-7f9bd8001000 r--s 00009000 103:04 1705281                   /home/srng/.m2/repository/org/thymeleaf/extras/thymeleaf-extras-java8time/3.0.1.RELEASE/thymeleaf-extras-java8time-3.0.1.RELEASE.jar
7f9bd8001000-7f9bd8003000 r--s 00003000 103:04 1705251                   /home/srng/.m2/repository/org/apache/logging/log4j/log4j-to-slf4j/2.10.0/log4j-to-slf4j-2.10.0.jar
7f9bd8003000-7f9bd8004000 r--s 00000000 103:04 1705245                   /home/srng/.m2/repository/org/springframework/boot/spring-boot-starter-logging/2.0.3.RELEASE/spring-boot-starter-logging-2.0.3.RELEASE.jar
7f9bd8004000-7f9bd8005000 r--s 00000000 103:04 1705243                   /home/srng/.m2/repository/org/springframework/boot/spring-boot-starter/2.0.3.RELEASE/spring-boot-starter-2.0.3.RELEASE.jar
7f9bd8005000-7f9bd8006000 r--s 00000000 103:04 1705271                   /home/srng/.m2/repository/org/springframework/boot/spring-boot-starter-thymeleaf/2.0.3.RELEASE/spring-boot-starter-thymeleaf-2.0.3.RELEASE.jar
7f9bd8006000-7f9bd8009000 r--s 00026000 103:04 1705279                   /home/srng/.m2/repository/org/unbescape/unbescape/1.1.5.RELEASE/unbescape-1.1.5.RELEASE.jar
7f9bd8009000-7f9bd8013000 r--s 000ae000 103:04 1835186                   /home/srng/.m2/repository/org/javassist/javassist/3.20.0-GA/javassist-3.20.0-GA.jar
7f9bd8013000-7f9bd8089000 rw-p 00000000 00:00 0 
7f9bd8089000-7f9bd808a000 ---p 00000000 00:00 0 
7f9bd808a000-7f9bd818a000 rw-p 00000000 00:00 0 
7f9bd818a000-7f9bd8292000 r-xp 00000000 103:03 3413032                   /lib/x86_64-linux-gnu/libm-2.23.so
7f9bd8292000-7f9bd8491000 ---p 00108000 103:03 3413032                   /lib/x86_64-linux-gnu/libm-2.23.so
7f9bd8491000-7f9bd8492000 r--p 00107000 103:03 3413032                   /lib/x86_64-linux-gnu/libm-2.23.so
7f9bd8492000-7f9bd8493000 rw-p 00108000 103:03 3413032                   /lib/x86_64-linux-gnu/libm-2.23.so
7f9bd8493000-7f9bd916c000 r-xp 00000000 103:03 1849135                   /usr/lib/jvm/java-8-oracle/jre/lib/amd64/server/libjvm.so
7f9bd916c000-7f9bd936b000 ---p 00cd9000 103:03 1849135                   /usr/lib/jvm/java-8-oracle/jre/lib/amd64/server/libjvm.so
7f9bd936b000-7f9bd9445000 rw-p 00cd8000 103:03 1849135                   /usr/lib/jvm/java-8-oracle/jre/lib/amd64/server/libjvm.so
7f9bd9445000-7f9bd9490000 rw-p 00000000 00:00 0 
7f9bd9490000-7f9bd9650000 r-xp 00000000 103:03 3412962                   /lib/x86_64-linux-gnu/libc-2.23.so
7f9bd9650000-7f9bd9850000 ---p 001c0000 103:03 3412962                   /lib/x86_64-linux-gnu/libc-2.23.so
7f9bd9850000-7f9bd9854000 r--p 001c0000 103:03 3412962                   /lib/x86_64-linux-gnu/libc-2.23.so
7f9bd9854000-7f9bd9856000 rw-p 001c4000 103:03 3412962                   /lib/x86_64-linux-gnu/libc-2.23.so
7f9bd9856000-7f9bd985a000 rw-p 00000000 00:00 0 
7f9bd985a000-7f9bd985d000 r-xp 00000000 103:03 3412986                   /lib/x86_64-linux-gnu/libdl-2.23.so
7f9bd985d000-7f9bd9a5c000 ---p 00003000 103:03 3412986                   /lib/x86_64-linux-gnu/libdl-2.23.so
7f9bd9a5c000-7f9bd9a5d000 r--p 00002000 103:03 3412986                   /lib/x86_64-linux-gnu/libdl-2.23.so
7f9bd9a5d000-7f9bd9a5e000 rw-p 00003000 103:03 3412986                   /lib/x86_64-linux-gnu/libdl-2.23.so
7f9bd9a5e000-7f9bd9a74000 r-xp 00000000 103:03 1573702                   /usr/lib/jvm/java-8-oracle/lib/amd64/jli/libjli.so
7f9bd9a74000-7f9bd9c73000 ---p 00016000 103:03 1573702                   /usr/lib/jvm/java-8-oracle/lib/amd64/jli/libjli.so
7f9bd9c73000-7f9bd9c74000 rw-p 00015000 103:03 1573702                   /usr/lib/jvm/java-8-oracle/lib/amd64/jli/libjli.so
7f9bd9c74000-7f9bd9c8c000 r-xp 00000000 103:03 3413108                   /lib/x86_64-linux-gnu/libpthread-2.23.so
7f9bd9c8c000-7f9bd9e8b000 ---p 00018000 103:03 3413108                   /lib/x86_64-linux-gnu/libpthread-2.23.so
7f9bd9e8b000-7f9bd9e8c000 r--p 00017000 103:03 3413108                   /lib/x86_64-linux-gnu/libpthread-2.23.so
7f9bd9e8c000-7f9bd9e8d000 rw-p 00018000 103:03 3413108                   /lib/x86_64-linux-gnu/libpthread-2.23.so
7f9bd9e8d000-7f9bd9e91000 rw-p 00000000 00:00 0 
7f9bd9e91000-7f9bd9eb7000 r-xp 00000000 103:03 3412934                   /lib/x86_64-linux-gnu/ld-2.23.so
7f9bd9eb7000-7f9bd9ec7000 r--s 000c5000 103:04 1705275                   /home/srng/.m2/repository/org/thymeleaf/thymeleaf/3.0.9.RELEASE/thymeleaf-3.0.9.RELEASE.jar
7f9bd9ec7000-7f9bd9f91000 rw-p 00000000 00:00 0 
7f9bd9f91000-7f9bd9f94000 ---p 00000000 00:00 0 
7f9bd9f94000-7f9bda097000 rw-p 00000000 00:00 0 
7f9bda097000-7f9bda099000 r--s 0000c000 103:04 1706658                   /home/srng/.m2/repository/commons-cli/commons-cli/1.4/commons-cli-1.4.jar
7f9bda099000-7f9bda09d000 r--s 00035000 103:04 1705277                   /home/srng/.m2/repository/org/attoparser/attoparser/2.0.4.RELEASE/attoparser-2.0.4.RELEASE.jar
7f9bda09d000-7f9bda0a1000 r--s 00036000 103:04 1706059                   /home/srng/.m2/repository/ognl/ognl/3.1.12/ognl-3.1.12.jar
7f9bda0a1000-7f9bda0a2000 r--s 00001000 103:04 1706055                   /home/srng/.m2/repository/nz/net/ultraq/thymeleaf/thymeleaf-expression-processor/1.1.3/thymeleaf-expression-processor-1.1.3.jar
7f9bda0a2000-7f9bda0a8000 r--s 0003a000 103:04 1706053                   /home/srng/.m2/repository/nz/net/ultraq/thymeleaf/thymeleaf-layout-dialect/2.3.0/thymeleaf-layout-dialect-2.3.0.jar
7f9bda0a8000-7f9bda0ac000 r--s 00031000 103:04 1706674                   /home/srng/.m2/repository/commons-io/commons-io/2.6/commons-io-2.6.jar
7f9bda0ac000-7f9bda0b4000 rw-s 00000000 103:03 655370                    /tmp/hsperfdata_srng/2875
7f9bda0b4000-7f9bda0b5000 rw-p 00000000 00:00 0 
7f9bda0b5000-7f9bda0b6000 r--p 00000000 00:00 0 
7f9bda0b6000-7f9bda0b7000 r--p 00025000 103:03 3412934                   /lib/x86_64-linux-gnu/ld-2.23.so
7f9bda0b7000-7f9bda0b8000 rw-p 00026000 103:03 3412934                   /lib/x86_64-linux-gnu/ld-2.23.so
7f9bda0b8000-7f9bda0b9000 rw-p 00000000 00:00 0 
7ffd939f7000-7ffd93a1a000 rw-p 00000000 00:00 0                          [stack]
7ffd93bd5000-7ffd93bd8000 r--p 00000000 00:00 0                          [vvar]
7ffd93bd8000-7ffd93bda000 r-xp 00000000 00:00 0                          [vdso]
ffffffffff600000-ffffffffff601000 r-xp 00000000 00:00 0                  [vsyscall]

VM Arguments:
jvm_args: -Dcom.sun.management.jmxremote -Dcom.sun.management.jmxremote.port=46681 -Dcom.sun.management.jmxremote.authenticate=false -Dcom.sun.management.jmxremote.ssl=false -Djava.rmi.server.hostname=localhost -Dspring.liveBeansView.mbeanDomain -Dspring.application.admin.enabled=true -Djava.security.egd=file:/dev/./urandom -Xverify:none -XX:TieredStopAtLevel=1 -Dfile.encoding=UTF-8 
java_command: com.shattered.baxt.BaxterApplication
java_class_path (initial): /usr/lib/jvm/java-8-oracle/jre/lib/resources.jar:/usr/lib/jvm/java-8-oracle/jre/lib/rt.jar:/usr/lib/jvm/java-8-oracle/jre/lib/jsse.jar:/usr/lib/jvm/java-8-oracle/jre/lib/jce.jar:/usr/lib/jvm/java-8-oracle/jre/lib/charsets.jar:/usr/lib/jvm/java-8-oracle/jre/lib/jfr.jar:/usr/lib/jvm/java-8-oracle/jre/lib/ext/sunpkcs11.jar:/usr/lib/jvm/java-8-oracle/jre/lib/ext/localedata.jar:/usr/lib/jvm/java-8-oracle/jre/lib/ext/zipfs.jar:/usr/lib/jvm/java-8-oracle/jre/lib/ext/dnsns.jar:/usr/lib/jvm/java-8-oracle/jre/lib/ext/jfxrt.jar:/usr/lib/jvm/java-8-oracle/jre/lib/ext/jaccess.jar:/usr/lib/jvm/java-8-oracle/jre/lib/ext/sunjce_provider.jar:/usr/lib/jvm/java-8-oracle/jre/lib/ext/nashorn.jar:/usr/lib/jvm/java-8-oracle/jre/lib/ext/sunec.jar:/usr/lib/jvm/java-8-oracle/jre/lib/ext/cldrdata.jar:/home/srng/workspace/baxter/target/classes:/home/srng/.m2/repository/commons-io/commons-io/2.6/commons-io-2.6.jar:/home/srng/.m2/repository/nz/net/ultraq/thymeleaf/thymeleaf-layout-dialect/2.3.0/thymeleaf-layout-dialect-2.3.0.jar:/home/srng/.m2/repository/nz/net/ultraq/thymeleaf/thymeleaf-expression-processor/1.1.3/thymeleaf-expression-processor-1.1.3.jar:/home/srng/.m2/repository/org/codehaus/groovy/groovy/2.4.15/groovy-2.4.15.jar:/home/srng/.m2/repository/org/thymeleaf/thymeleaf/3.0.9.RELEASE/thymeleaf-3.0.9.RELEASE.jar:/home/srng/.m2/repository/ognl/ognl/3.1.12/ognl-3.1.12.jar:/home/srng/.m2/repository/org/javassist/javassist/3.20.0-GA/javassist-3.20.0-GA.jar:/home/srng/.m2/repository/org/attoparser/attoparser/2.0.4.RELEASE/attoparser-2.0.4.RELEASE.jar:/home/srng/.m2/repository/org/unbescape/unbescape/1.1.5.RELEASE/unbescape-1.1.5.RELEASE.jar:/home/srng/.m2/repository/xuggle/xuggle-xuggler/5.4/xuggle-xuggler-5.4.jar:/home/srng/.m2/repository/commons-cli/commons-cli/1.4/commons-cli-1.4.jar:/home/srng/.m2/repository/org/springframework/boot/spring-boot-starter-thymeleaf/2.0.3.RELEASE/spring-boot-starter-thymeleaf-2.0.3.RELEASE.jar:/home/srng/.m2/repository/org/spring
Launcher Type: SUN_STANDARD

Environment Variables:
JAVA_HOME=/usr/lib/jvm/java-8-oracle
PATH=/home/srng/bin:/home/srng/.local/bin:/usr/local/sbin:/usr/local/bin:/usr/sbin:/usr/bin:/sbin:/bin:/usr/games:/usr/local/games:/snap/bin:/usr/lib/jvm/java-8-oracle/bin:/usr/lib/jvm/java-8-oracle/db/bin:/usr/lib/jvm/java-8-oracle/jre/bin
SHELL=/bin/bash
DISPLAY=:0

Signal Handlers:
SIGSEGV: [libjvm.so+0xad0890], sa_mask[0]=11111111011111111101111111111110, sa_flags=SA_RESTART|SA_SIGINFO
SIGBUS: [libjvm.so+0xad0890], sa_mask[0]=11111111011111111101111111111110, sa_flags=SA_RESTART|SA_SIGINFO
SIGFPE: [libjvm.so+0x928640], sa_mask[0]=11111111011111111101111111111110, sa_flags=SA_RESTART|SA_SIGINFO
SIGPIPE: [libjvm.so+0x928640], sa_mask[0]=11111111011111111101111111111110, sa_flags=SA_RESTART|SA_SIGINFO
SIGXFSZ: [libjvm.so+0x928640], sa_mask[0]=11111111011111111101111111111110, sa_flags=SA_RESTART|SA_SIGINFO
SIGILL: [libjvm.so+0x928640], sa_mask[0]=11111111011111111101111111111110, sa_flags=SA_RESTART|SA_SIGINFO
SIGUSR1: SIG_DFL, sa_mask[0]=00000000000000000000000000000000, sa_flags=none
SIGUSR2: [libjvm.so+0x929ea0], sa_mask[0]=00100000000000000000000000000000, sa_flags=SA_RESTART|SA_SIGINFO
SIGHUP: [libjvm.so+0x92b2a0], sa_mask[0]=11111111011111111101111111111110, sa_flags=SA_RESTART|SA_SIGINFO
SIGINT: [libjvm.so+0x92b2a0], sa_mask[0]=11111111011111111101111111111110, sa_flags=SA_RESTART|SA_SIGINFO
SIGTERM: [libjvm.so+0x92b2a0], sa_mask[0]=11111111011111111101111111111110, sa_flags=SA_RESTART|SA_SIGINFO
SIGQUIT: [libjvm.so+0x92b2a0], sa_mask[0]=11111111011111111101111111111110, sa_flags=SA_RESTART|SA_SIGINFO


---------------  S Y S T E M  ---------------

OS:DISTRIB_ID=Ubuntu
DISTRIB_RELEASE=16.04
DISTRIB_CODENAME=xenial
DISTRIB_DESCRIPTION="Ubuntu 16.04.4 LTS"

uname:Linux 4.13.0-45-generic #50~16.04.1-Ubuntu SMP Wed May 30 11:18:27 UTC 2018 x86_64
libc:glibc 2.23 NPTL 2.23 
rlimit: STACK 8192k, CORE 0k, NPROC 30176, NOFILE 1048576, AS infinity
load average:3.19 2.12 0.89

/proc/meminfo:
MemTotal:        7879504 kB
MemFree:         2524288 kB
MemAvailable:    4200952 kB
Buffers:           84856 kB
Cached:          2055108 kB
SwapCached:            0 kB
Active:          3559364 kB
Inactive:        1555024 kB
Active(anon):    2976196 kB
Inactive(anon):   278328 kB
Active(file):     583168 kB
Inactive(file):  1276696 kB
Unevictable:         424 kB
Mlocked:             424 kB
SwapTotal:       9765884 kB
SwapFree:        9765884 kB
Dirty:              1012 kB
Writeback:             0 kB
AnonPages:       2974892 kB
Mapped:           454892 kB
Shmem:            280088 kB
Slab:             123392 kB
SReclaimable:      80352 kB
SUnreclaim:        43040 kB
KernelStack:       12016 kB
PageTables:        49120 kB
NFS_Unstable:          0 kB
Bounce:                0 kB
WritebackTmp:          0 kB
CommitLimit:    13705636 kB
Committed_AS:    8170536 kB
VmallocTotal:   34359738367 kB
VmallocUsed:           0 kB
VmallocChunk:          0 kB
HardwareCorrupted:     0 kB
AnonHugePages:      6144 kB
ShmemHugePages:        0 kB
ShmemPmdMapped:        0 kB
CmaTotal:              0 kB
CmaFree:               0 kB
HugePages_Total:       0
HugePages_Free:        0
HugePages_Rsvd:        0
HugePages_Surp:        0
Hugepagesize:       2048 kB
DirectMap4k:      130592 kB
DirectMap2M:     5867520 kB
DirectMap1G:     3145728 kB


CPU:total 4 (initial active 4) (2 cores per cpu, 2 threads per core) family 6 model 142 stepping 9, cmov, cx8, fxsr, mmx, sse, sse2, sse3, ssse3, sse4.1, sse4.2, popcnt, avx, avx2, aes, clmul, erms, rtm, 3dnowpref, lzcnt, ht, tsc, tscinvbit, bmi1, bmi2, adx

/proc/cpuinfo:
processor	: 0
vendor_id	: GenuineIntel
cpu family	: 6
model		: 142
model name	: Intel(R) Core(TM) i5-7300U CPU @ 2.60GHz
stepping	: 9
microcode	: 0x84
cpu MHz		: 2432.107
cache size	: 3072 KB
physical id	: 0
siblings	: 4
core id		: 0
cpu cores	: 2
apicid		: 0
initial apicid	: 0
fpu		: yes
fpu_exception	: yes
cpuid level	: 22
wp		: yes
flags		: fpu vme de pse tsc msr pae mce cx8 apic sep mtrr pge mca cmov pat pse36 clflush dts acpi mmx fxsr sse sse2 ss ht tm pbe syscall nx pdpe1gb rdtscp lm constant_tsc art arch_perfmon pebs bts rep_good nopl xtopology nonstop_tsc cpuid aperfmperf tsc_known_freq pni pclmulqdq dtes64 monitor ds_cpl vmx smx est tm2 ssse3 sdbg fma cx16 xtpr pdcm pcid sse4_1 sse4_2 x2apic movbe popcnt tsc_deadline_timer aes xsave avx f16c rdrand lahf_lm abm 3dnowprefetch cpuid_fault epb invpcid_single pti retpoline intel_pt rsb_ctxsw spec_ctrl tpr_shadow vnmi flexpriority ept vpid fsgsbase tsc_adjust bmi1 hle avx2 smep bmi2 erms invpcid rtm mpx rdseed adx smap clflushopt xsaveopt xsavec xgetbv1 xsaves dtherm ida arat pln pts hwp hwp_notify hwp_act_window hwp_epp
bugs		: cpu_meltdown spectre_v1 spectre_v2 spec_store_bypass
bogomips	: 5424.00
clflush size	: 64
cache_alignment	: 64
address sizes	: 39 bits physical, 48 bits virtual
power management:

processor	: 1
vendor_id	: GenuineIntel
cpu family	: 6
model		: 142
model name	: Intel(R) Core(TM) i5-7300U CPU @ 2.60GHz
stepping	: 9
microcode	: 0x84
cpu MHz		: 2431.872
cache size	: 3072 KB
physical id	: 0
siblings	: 4
core id		: 1
cpu cores	: 2
apicid		: 2
initial apicid	: 2
fpu		: yes
fpu_exception	: yes
cpuid level	: 22
wp		: yes
flags		: fpu vme de pse tsc msr pae mce cx8 apic sep mtrr pge mca cmov pat pse36 clflush dts acpi mmx fxsr sse sse2 ss ht tm pbe syscall nx pdpe1gb rdtscp lm constant_tsc art arch_perfmon pebs bts rep_good nopl xtopology nonstop_tsc cpuid aperfmperf tsc_known_freq pni pclmulqdq dtes64 monitor ds_cpl vmx smx est tm2 ssse3 sdbg fma cx16 xtpr pdcm pcid sse4_1 sse4_2 x2apic movbe popcnt tsc_deadline_timer aes xsave avx f16c rdrand lahf_lm abm 3dnowprefetch cpuid_fault epb invpcid_single pti retpoline intel_pt rsb_ctxsw spec_ctrl tpr_shadow vnmi flexpriority ept vpid fsgsbase tsc_adjust bmi1 hle avx2 smep bmi2 erms invpcid rtm mpx rdseed adx smap clflushopt xsaveopt xsavec xgetbv1 xsaves dtherm ida arat pln pts hwp hwp_notify hwp_act_window hwp_epp
bugs		: cpu_meltdown spectre_v1 spectre_v2 spec_store_bypass
bogomips	: 5424.00
clflush size	: 64
cache_alignment	: 64
address sizes	: 39 bits physical, 48 bits virtual
power management:

processor	: 2
vendor_id	: GenuineIntel
cpu family	: 6
model		: 142
model name	: Intel(R) Core(TM) i5-7300U CPU @ 2.60GHz
stepping	: 9
microcode	: 0x84
cpu MHz		: 2431.679
cache size	: 3072 KB
physical id	: 0
siblings	: 4
core id		: 0
cpu cores	: 2
apicid		: 1
initial apicid	: 1
fpu		: yes
fpu_exception	: yes
cpuid level	: 22
wp		: yes
flags		: fpu vme de pse tsc msr pae mce cx8 apic sep mtrr pge mca cmov pat pse36 clflush dts acpi mmx fxsr sse sse2 ss ht tm pbe syscall nx pdpe1gb rdtscp lm constant_tsc art arch_perfmon pebs bts rep_good nopl xtopology nonstop_tsc cpuid aperfmperf tsc_known_freq pni pclmulqdq dtes64 monitor ds_cpl vmx smx est tm2 ssse3 sdbg fma cx16 xtpr pdcm pcid sse4_1 sse4_2 x2apic movbe popcnt tsc_deadline_timer aes xsave avx f16c rdrand lahf_lm abm 3dnowprefetch cpuid_fault epb invpcid_single pti retpoline intel_pt rsb_ctxsw spec_ctrl tpr_shadow vnmi flexpriority ept vpid fsgsbase tsc_adjust bmi1 hle avx2 smep bmi2 erms invpcid rtm mpx rdseed adx smap clflushopt xsaveopt xsavec xgetbv1 xsaves dtherm ida arat pln pts hwp hwp_notify hwp_act_window hwp_epp
bugs		: cpu_meltdown spectre_v1 spectre_v2 spec_store_bypass
bogomips	: 5424.00
clflush size	: 64
cache_alignment	: 64
address sizes	: 39 bits physical, 48 bits virtual
power management:

processor	: 3
vendor_id	: GenuineIntel
cpu family	: 6
model		: 142
model name	: Intel(R) Core(TM) i5-7300U CPU @ 2.60GHz
stepping	: 9
microcode	: 0x84
cpu MHz		: 2431.493
cache size	: 3072 KB
physical id	: 0
siblings	: 4
core id		: 1
cpu cores	: 2
apicid		: 3
initial apicid	: 3
fpu		: yes
fpu_exception	: yes
cpuid level	: 22
wp		: yes
flags		: fpu vme de pse tsc msr pae mce cx8 apic sep mtrr pge mca cmov pat pse36 clflush dts acpi mmx fxsr sse sse2 ss ht tm pbe syscall nx pdpe1gb rdtscp lm constant_tsc art arch_perfmon pebs bts rep_good nopl xtopology nonstop_tsc cpuid aperfmperf tsc_known_freq pni pclmulqdq dtes64 monitor ds_cpl vmx smx est tm2 ssse3 sdbg fma cx16 xtpr pdcm pcid sse4_1 sse4_2 x2apic movbe popcnt tsc_deadline_timer aes xsave avx f16c rdrand lahf_lm abm 3dnowprefetch cpuid_fault epb invpcid_single pti retpoline intel_pt rsb_ctxsw spec_ctrl tpr_shadow vnmi flexpriority ept vpid fsgsbase tsc_adjust bmi1 hle avx2 smep bmi2 erms invpcid rtm mpx rdseed adx smap clflushopt xsaveopt xsavec xgetbv1 xsaves dtherm ida arat pln pts hwp hwp_notify hwp_act_window hwp_epp
bugs		: cpu_meltdown spectre_v1 spectre_v2 spec_store_bypass
bogomips	: 5424.00
clflush size	: 64
cache_alignment	: 64
address sizes	: 39 bits physical, 48 bits virtual
power management:



Memory: 4k page, physical 7879504k(2524288k free), swap 9765884k(9765884k free)

vm_info: Java HotSpot(TM) 64-Bit Server VM (25.171-b11) for linux-amd64 JRE (1.8.0_171-b11), built on Mar 28 2018 17:07:08 by "java_re" with gcc 4.3.0 20080428 (Red Hat 4.3.0-8)

time: Sun Jul 15 08:58:29 2018
elapsed time: 40 seconds (0d 0h 0m 40s)

